2018/05/16 11:23:17.033 [I] [proc.go:195] 这是一个辅助工具。作者 邓云飞。
2018/05/16 11:23:17.033 [I] [proc.go:195] 开始运行。
2018/05/16 11:23:19.034 [I] [main.go:44] 进行对k临近算法的运算。
2018/05/16 11:23:27.234 [E] [base.go:225] 682163 数据推测计算错误 exit status 127
2018/05/16 11:23:29.373 [I] [main.go:44] 进行对k临近算法的运算。
2018/05/16 11:23:37.670 [E] [base.go:225] 682163 数据推测计算错误 exit status 127
2018/05/16 11:23:39.780 [I] [main.go:44] 进行对k临近算法的运算。
2018/05/16 11:23:48.078 [E] [base.go:225] 682163 数据推测计算错误 exit status 127
2018/05/16 11:23:50.188 [I] [main.go:44] 进行对k临近算法的运算。
2018/05/16 11:23:58.393 [E] [base.go:225] 682163 数据推测计算错误 exit status 127
2018/05/16 11:24:00.505 [I] [main.go:44] 进行对k临近算法的运算。
2018/05/16 11:24:08.843 [E] [base.go:225] 682163 数据推测计算错误 exit status 127
2018/05/16 11:24:10.954 [I] [main.go:44] 进行对k临近算法的运算。
2018/05/16 11:24:19.154 [E] [base.go:225] 682163 数据推测计算错误 exit status 127
2018/05/16 11:24:21.268 [I] [main.go:44] 进行对k临近算法的运算。
2018/05/16 11:24:29.545 [E] [base.go:225] 682163 数据推测计算错误 exit status 127
2018/05/16 11:24:31.658 [I] [main.go:44] 进行对k临近算法的运算。
2018/05/16 11:24:39.921 [E] [base.go:225] 682163 数据推测计算错误 exit status 127
2018/05/16 11:24:42.029 [I] [main.go:44] 进行对k临近算法的运算。
2018/05/16 11:24:50.239 [E] [base.go:225] 682163 数据推测计算错误 exit status 127
2018/05/16 11:24:52.348 [I] [main.go:44] 进行对k临近算法的运算。
2018/05/16 11:25:00.701 [E] [base.go:225] 682163 数据推测计算错误 exit status 127
2018/05/16 11:25:02.814 [I] [main.go:44] 进行对k临近算法的运算。
2018/05/16 11:25:11.185 [E] [base.go:225] 682163 数据推测计算错误 exit status 127
2018/05/16 11:25:13.351 [I] [main.go:44] 进行对k临近算法的运算。
2018/05/16 11:25:21.700 [E] [base.go:225] 682163 数据推测计算错误 exit status 127
2018/05/16 11:25:23.812 [I] [main.go:44] 进行对k临近算法的运算。
2018/05/16 11:25:38.021 [E] [base.go:225] 682163 数据推测计算错误 exit status 127
2018/05/16 11:25:40.366 [I] [main.go:44] 进行对k临近算法的运算。
2018/05/16 11:25:45.126 [E] [main.go:44] 数据未准备好，重试。
2018/05/16 11:25:47.145 [I] [main.go:44] 进行对k临近算法的运算。
2018/05/16 11:25:53.148 [E] [asm_amd64.s:2337] 数据未准备好，重试。
2018/05/16 11:26:06.839 [E] [base.go:225] 682163 数据推测计算错误 exit status 127
2018/05/16 11:26:07.028 [E] [base.go:226] 682163 miss数据推测计算错误 exit status 1
2018/05/16 11:26:09.062 [I] [main.go:44] 进行对k临近算法的运算。
2018/05/16 11:26:14.285 [E] [main.go:44] 数据未准备好，重试。
2018/05/16 11:26:16.330 [I] [main.go:44] 进行对k临近算法的运算。
2018/05/16 11:26:43.823 [E] [base.go:225] 682163 数据推测计算错误 exit status 127
2018/05/16 11:26:44.096 [E] [base.go:226] 682163 miss数据推测计算错误 exit status 1
2018/05/16 11:26:46.160 [I] [main.go:44] 进行对k临近算法的运算。
2018/05/16 11:27:21.189 [E] [base.go:225] 682163 数据推测计算错误 exit status 127
2018/05/16 11:27:21.384 [E] [base.go:226] 682163 miss数据推测计算错误 exit status 1
2018/05/16 11:27:23.471 [I] [main.go:44] 进行对k临近算法的运算。
2018/05/16 11:27:27.084 [E] [asm_amd64.s:2337] 数据未准备好，重试。
2018/05/16 11:27:30.426 [E] [main.go:44] 数据未准备好，重试。
2018/05/16 11:27:32.475 [I] [main.go:44] 进行对k临近算法的运算。
2018/05/16 11:28:06.171 [E] [asm_amd64.s:2337] 数据未准备好，重试。
2018/05/16 11:28:11.368 [E] [base.go:225] 682163 数据推测计算错误 exit status 127
2018/05/16 11:28:11.606 [E] [base.go:226] 682163 miss数据推测计算错误 exit status 1
2018/05/16 11:28:13.689 [I] [main.go:44] 进行对k临近算法的运算。
2018/05/16 11:28:24.942 [E] [asm_amd64.s:2337] 数据未准备好，重试。
2018/05/16 11:28:32.249 [E] [asm_amd64.s:2337] 数据未准备好，重试。
2018/05/16 11:28:38.237 [E] [asm_amd64.s:2337] 数据未准备好，重试。
2018/05/16 11:28:41.637 [E] [base.go:225] 682164 数据推测计算错误 exit status 127
2018/05/16 11:28:41.791 [E] [base.go:226] 682164 miss数据推测计算错误 exit status 1
2018/05/16 11:28:43.798 [I] [main.go:44] 进行对k临近算法的运算。
2018/05/16 11:28:48.987 [E] [asm_amd64.s:2337] 数据未准备好，重试。
2018/05/16 11:29:07.003 [E] [main.go:44] 数据未准备好，重试。
2018/05/16 11:29:09.047 [I] [main.go:44] 进行对k临近算法的运算。
2018/05/16 11:29:39.171 [E] [base.go:225] 682164 数据推测计算错误 exit status 127
2018/05/16 11:29:39.385 [E] [base.go:226] 682164 miss数据推测计算错误 exit status 1
2018/05/16 11:29:41.469 [I] [main.go:44] 进行对k临近算法的运算。
2018/05/16 11:29:55.738 [E] [asm_amd64.s:2337] 数据未准备好，重试。
2018/05/16 11:30:19.451 [E] [asm_amd64.s:2337] 数据未准备好，重试。
2018/05/16 11:30:24.286 [E] [main.go:44] 数据未准备好，重试。
2018/05/16 11:30:26.364 [I] [main.go:44] 进行对k临近算法的运算。
2018/05/16 11:30:38.312 [E] [asm_amd64.s:2337] 数据未准备好，重试。
2018/05/16 11:30:50.376 [E] [asm_amd64.s:2337] 数据未准备好，重试。
2018/05/16 11:31:07.842 [E] [asm_amd64.s:2337] 数据未准备好，重试。
2018/05/16 11:31:25.841 [E] [main.go:44] 数据未准备好，重试。
2018/05/16 11:31:27.918 [I] [main.go:44] 进行对k临近算法的运算。
2018/05/16 11:31:31.176 [E] [asm_amd64.s:2337] 数据未准备好，重试。
2018/05/16 11:31:35.967 [E] [asm_amd64.s:2337] 数据未准备好，重试。
2018/05/16 11:31:37.464 [E] [asm_amd64.s:2337] 数据未准备好，重试。
2018/05/16 11:31:56.655 [E] [main.go:44] 数据未准备好，重试。
2018/05/16 11:31:58.709 [I] [main.go:44] 进行对k临近算法的运算。
2018/05/16 11:32:10.352 [E] [asm_amd64.s:2337] 数据未准备好，重试。
2018/05/16 11:32:30.494 [E] [asm_amd64.s:2337] 数据未准备好，重试。
2018/05/16 11:32:36.532 [E] [asm_amd64.s:2337] 数据未准备好，重试。
2018/05/16 11:32:38.867 [E] [main.go:44] 数据未准备好，重试。
2018/05/16 11:32:40.926 [I] [main.go:44] 进行对k临近算法的运算。
2018/05/16 11:32:51.291 [E] [asm_amd64.s:2337] 数据未准备好，重试。
2018/05/16 11:33:19.067 [E] [base.go:225] 682165 数据推测计算错误 exit status 127
2018/05/16 11:33:19.356 [E] [base.go:226] 682165 miss数据推测计算错误 exit status 1
2018/05/16 11:33:21.442 [I] [main.go:44] 进行对k临近算法的运算。
2018/05/16 11:33:53.223 [E] [asm_amd64.s:2337] 数据未准备好，重试。
2018/05/16 11:34:02.779 [E] [asm_amd64.s:2337] 数据未准备好，重试。
2018/05/16 11:34:15.242 [E] [asm_amd64.s:2337] 数据未准备好，重试。
2018/05/16 11:34:22.023 [E] [asm_amd64.s:2337] 数据未准备好，重试。
2018/05/16 11:34:25.369 [E] [base.go:225] 682165 数据推测计算错误 exit status 127
2018/05/16 11:34:25.605 [E] [base.go:226] 682165 miss数据推测计算错误 exit status 1
2018/05/16 11:34:27.551 [E] [asm_amd64.s:2337] 数据未准备好，重试。
2018/05/16 11:34:27.685 [I] [main.go:44] 进行对k临近算法的运算。
2018/05/16 11:34:34.367 [E] [asm_amd64.s:2337] 数据未准备好，重试。
2018/05/16 11:34:39.834 [E] [asm_amd64.s:2337] 数据未准备好，重试。
2018/05/16 11:34:43.823 [E] [asm_amd64.s:2337] 数据未准备好，重试。
2018/05/16 11:34:45.377 [E] [asm_amd64.s:2337] 数据未准备好，重试。
2018/05/16 11:34:59.155 [E] [asm_amd64.s:2337] 数据未准备好，重试。
2018/05/16 11:35:09.395 [E] [base.go:225] 682165 数据推测计算错误 exit status 127
2018/05/16 11:35:09.588 [E] [base.go:226] 682165 miss数据推测计算错误 exit status 1
2018/05/16 11:35:11.063 [E] [asm_amd64.s:2337] 数据未准备好，重试。
2018/05/16 11:35:11.632 [I] [main.go:44] 进行对k临近算法的运算。
2018/05/16 11:35:26.215 [E] [asm_amd64.s:2337] 数据未准备好，重试。
2018/05/16 11:35:41.266 [E] [base.go:225] 682165 数据推测计算错误 exit status 127
2018/05/16 11:35:41.440 [E] [base.go:226] 682165 miss数据推测计算错误 exit status 1
2018/05/16 11:35:43.485 [I] [main.go:44] 进行对k临近算法的运算。
2018/05/16 11:35:45.141 [E] [asm_amd64.s:2337] 数据未准备好，重试。
2018/05/16 11:35:58.347 [E] [asm_amd64.s:2337] 数据未准备好，重试。
2018/05/16 11:36:05.769 [E] [base.go:225] 682165 数据推测计算错误 exit status 127
2018/05/16 11:36:05.943 [E] [base.go:226] 682165 miss数据推测计算错误 exit status 1
2018/05/16 11:36:08.017 [I] [main.go:44] 进行对k临近算法的运算。
2018/05/16 11:36:14.838 [E] [main.go:44] 数据未准备好，重试。
2018/05/16 11:36:16.912 [I] [main.go:44] 进行对k临近算法的运算。
2018/05/16 11:36:37.059 [E] [asm_amd64.s:2337] 数据未准备好，重试。
2018/05/16 11:37:00.866 [E] [asm_amd64.s:2337] 数据未准备好，重试。
2018/05/16 11:37:18.081 [E] [asm_amd64.s:2337] 数据未准备好，重试。
2018/05/16 11:37:49.592 [E] [main.go:44] 数据未准备好，重试。
2018/05/16 11:37:51.904 [I] [main.go:44] 进行对k临近算法的运算。
2018/05/16 11:38:21.330 [E] [main.go:44] 数据未准备好，重试。
2018/05/16 11:38:23.673 [I] [main.go:44] 进行对k临近算法的运算。
2018/05/16 11:38:24.115 [E] [asm_amd64.s:2337] 数据未准备好，重试。
2018/05/16 11:38:51.839 [E] [main.go:44] 数据未准备好，重试。
2018/05/16 11:38:54.147 [I] [main.go:44] 进行对k临近算法的运算。
2018/05/16 11:39:04.370 [E] [asm_amd64.s:2337] 数据未准备好，重试。
2018/05/16 11:39:06.417 [E] [asm_amd64.s:2337] 数据未准备好，重试。
2018/05/16 11:39:29.509 [E] [asm_amd64.s:2337] 数据未准备好，重试。
2018/05/16 11:39:33.162 [E] [asm_amd64.s:2337] 数据未准备好，重试。
2018/05/16 11:39:41.645 [E] [asm_amd64.s:2337] 数据未准备好，重试。
2018/05/16 11:39:58.107 [E] [asm_amd64.s:2337] 数据未准备好，重试。
2018/05/16 11:39:59.234 [E] [asm_amd64.s:2337] 数据未准备好，重试。
2018/05/16 11:40:03.151 [E] [asm_amd64.s:2337] 数据未准备好，重试。
2018/05/16 11:40:08.220 [E] [asm_amd64.s:2337] 数据未准备好，重试。
2018/05/16 11:40:08.688 [E] [asm_amd64.s:2337] 数据未准备好，重试。
2018/05/16 11:40:15.378 [E] [asm_amd64.s:2337] 数据未准备好，重试。
2018/05/16 11:40:17.456 [E] [asm_amd64.s:2337] 数据未准备好，重试。
2018/05/16 11:40:21.315 [E] [asm_amd64.s:2337] 数据未准备好，重试。
2018/05/16 11:40:31.857 [E] [main.go:44] 数据未准备好，重试。
2018/05/16 11:40:32.738 [E] [asm_amd64.s:2337] 数据未准备好，重试。
2018/05/16 11:40:33.951 [I] [main.go:44] 进行对k临近算法的运算。
2018/05/16 11:40:41.196 [E] [main.go:44] 数据未准备好，重试。
2018/05/16 11:40:43.215 [I] [main.go:44] 进行对k临近算法的运算。
2018/05/16 11:40:51.457 [E] [main.go:44] 数据未准备好，重试。
2018/05/16 11:40:53.530 [I] [main.go:44] 进行对k临近算法的运算。
2018/05/16 11:41:03.053 [E] [asm_amd64.s:2337] 数据未准备好，重试。
2018/05/16 11:41:12.566 [E] [asm_amd64.s:2337] 数据未准备好，重试。
2018/05/16 11:41:14.314 [E] [asm_amd64.s:2337] 数据未准备好，重试。
2018/05/16 11:41:25.698 [E] [main.go:44] 数据未准备好，重试。
2018/05/16 11:41:27.725 [I] [main.go:44] 进行对k临近算法的运算。
2018/05/16 11:41:30.323 [E] [asm_amd64.s:2337] 数据未准备好，重试。
2018/05/16 11:41:33.946 [E] [main.go:44] 数据未准备好，重试。
2018/05/16 11:41:36.005 [I] [main.go:44] 进行对k临近算法的运算。
2018/05/16 11:41:48.740 [E] [asm_amd64.s:2337] 数据未准备好，重试。
2018/05/16 11:41:50.956 [E] [asm_amd64.s:2337] 数据未准备好，重试。
2018/05/16 11:42:28.667 [E] [asm_amd64.s:2337] 数据未准备好，重试。
2018/05/16 11:42:47.504 [E] [asm_amd64.s:2337] 数据未准备好，重试。
2018/05/16 11:42:48.686 [E] [base.go:225] 682166 数据推测计算错误 exit status 127
2018/05/16 11:42:49.043 [E] [base.go:226] 682166 miss数据推测计算错误 exit status 1
2018/05/16 11:42:51.270 [I] [main.go:44] 进行对k临近算法的运算。
2018/05/16 11:42:52.830 [E] [asm_amd64.s:2337] 数据未准备好，重试。
2018/05/16 11:43:33.878 [E] [asm_amd64.s:2337] 数据未准备好，重试。
2018/05/16 11:43:42.342 [E] [asm_amd64.s:2337] 数据未准备好，重试。
2018/05/16 11:43:48.769 [E] [asm_amd64.s:2337] 数据未准备好，重试。
2018/05/16 11:43:59.351 [E] [asm_amd64.s:2337] 数据未准备好，重试。
2018/05/16 11:44:00.438 [E] [asm_amd64.s:2337] 数据未准备好，重试。
2018/05/16 11:44:13.036 [E] [asm_amd64.s:2337] 数据未准备好，重试。
2018/05/16 11:44:13.061 [E] [asm_amd64.s:2337] 数据未准备好，重试。
2018/05/16 11:44:22.474 [E] [asm_amd64.s:2337] 数据未准备好，重试。
2018/05/16 11:44:25.692 [E] [asm_amd64.s:2337] 数据未准备好，重试。
2018/05/16 11:44:45.441 [E] [asm_amd64.s:2337] 数据未准备好，重试。
2018/05/16 11:44:47.402 [E] [main.go:44] 数据未准备好，重试。
2018/05/16 11:44:49.580 [I] [main.go:44] 进行对k临近算法的运算。
2018/05/16 11:45:07.195 [E] [asm_amd64.s:2337] 数据未准备好，重试。
2018/05/16 11:45:07.430 [E] [asm_amd64.s:2337] 数据未准备好，重试。
2018/05/16 11:45:07.609 [E] [main.go:44] 数据未准备好，重试。
2018/05/16 11:45:09.407 [E] [asm_amd64.s:2337] 数据未准备好，重试。
2018/05/16 11:45:09.728 [I] [main.go:44] 进行对k临近算法的运算。
2018/05/16 11:45:20.910 [E] [asm_amd64.s:2337] 数据未准备好，重试。
2018/05/16 11:45:34.074 [E] [asm_amd64.s:2337] 数据未准备好，重试。
2018/05/16 11:45:37.849 [E] [asm_amd64.s:2337] 数据未准备好，重试。
2018/05/16 11:45:46.578 [E] [main.go:44] 数据未准备好，重试。
2018/05/16 11:45:48.606 [I] [main.go:44] 进行对k临近算法的运算。
2018/05/16 11:45:56.716 [E] [asm_amd64.s:2337] 数据未准备好，重试。
2018/05/16 11:46:00.126 [E] [asm_amd64.s:2337] 数据未准备好，重试。
2018/05/16 11:46:37.713 [E] [asm_amd64.s:2337] 数据未准备好，重试。
2018/05/16 11:46:40.376 [E] [asm_amd64.s:2337] 数据未准备好，重试。
2018/05/16 11:46:49.620 [E] [base.go:225] 682167 数据推测计算错误 exit status 127
2018/05/16 11:46:49.913 [E] [base.go:226] 682167 miss数据推测计算错误 exit status 1
2018/05/16 11:46:52.079 [I] [main.go:44] 进行对k临近算法的运算。
2018/05/16 12:23:19.828 [I] [proc.go:195] 这是一个辅助工具。作者 邓云飞。
2018/05/16 12:23:19.828 [I] [proc.go:195] 开始运行。
2018/05/16 12:23:21.828 [I] [main.go:44] 进行对k临近算法的运算。
2018/05/16 12:23:29.981 [E] [base.go:232] 682175 数据推测计算错误 exit status 127
2018/05/16 12:23:32.089 [I] [main.go:44] 进行对k临近算法的运算。
2018/05/16 12:23:40.105 [E] [base.go:232] 682175 数据推测计算错误 exit status 127
2018/05/16 12:23:42.214 [I] [main.go:44] 进行对k临近算法的运算。
2018/05/16 12:23:50.359 [E] [base.go:232] 682175 数据推测计算错误 exit status 127
2018/05/16 12:23:52.468 [I] [main.go:44] 进行对k临近算法的运算。
2018/05/16 12:24:00.572 [E] [base.go:232] 682175 数据推测计算错误 exit status 127
2018/05/16 12:24:02.682 [I] [main.go:44] 进行对k临近算法的运算。
2018/05/16 12:24:10.898 [E] [base.go:232] 682175 数据推测计算错误 exit status 127
2018/05/16 12:24:13.008 [I] [main.go:44] 进行对k临近算法的运算。
2018/05/16 12:24:21.224 [E] [base.go:232] 682175 数据推测计算错误 exit status 127
2018/05/16 12:24:23.330 [I] [main.go:44] 进行对k临近算法的运算。
2018/05/16 12:24:31.610 [E] [base.go:232] 682175 数据推测计算错误 exit status 127
2018/05/16 12:24:33.719 [I] [main.go:44] 进行对k临近算法的运算。
2018/05/16 12:24:41.931 [E] [base.go:232] 682175 数据推测计算错误 exit status 127
2018/05/16 12:24:44.041 [I] [main.go:44] 进行对k临近算法的运算。
2018/05/16 12:24:52.215 [E] [base.go:232] 682175 数据推测计算错误 exit status 127
2018/05/16 12:24:54.326 [I] [main.go:44] 进行对k临近算法的运算。
2018/05/16 12:25:02.493 [E] [base.go:232] 682175 数据推测计算错误 exit status 127
2018/05/16 12:25:04.603 [I] [main.go:44] 进行对k临近算法的运算。
2018/05/16 12:25:12.908 [E] [base.go:232] 682175 数据推测计算错误 exit status 127
2018/05/16 12:25:15.017 [I] [main.go:44] 进行对k临近算法的运算。
2018/05/16 12:25:23.318 [E] [base.go:232] 682175 数据推测计算错误 exit status 127
2018/05/16 12:25:25.429 [I] [main.go:44] 进行对k临近算法的运算。
2018/05/16 12:25:37.914 [E] [base.go:232] 682175 数据推测计算错误 exit status 127
2018/05/16 12:25:40.172 [I] [main.go:44] 进行对k临近算法的运算。
2018/05/16 12:25:45.200 [E] [asm_amd64.s:2337] 数据未准备好，重试。
2018/05/16 12:25:55.186 [E] [base.go:232] 682175 数据推测计算错误 exit status 127
2018/05/16 12:25:55.339 [E] [base.go:233] 682175 miss数据推测计算错误 exit status 1
2018/05/16 12:25:57.363 [I] [main.go:44] 进行对k临近算法的运算。
2018/05/16 12:26:20.581 [E] [base.go:232] 682175 数据推测计算错误 exit status 127
2018/05/16 12:26:20.761 [E] [base.go:233] 682175 miss数据推测计算错误 exit status 1
2018/05/16 12:26:22.810 [I] [main.go:44] 进行对k临近算法的运算。
2018/05/16 12:26:25.859 [E] [asm_amd64.s:2337] 数据未准备好，重试。
2018/05/16 12:26:28.542 [E] [main.go:44] 数据未准备好，重试。
2018/05/16 12:26:30.582 [I] [main.go:44] 进行对k临近算法的运算。
2018/05/16 12:26:37.844 [E] [asm_amd64.s:2337] 数据未准备好，重试。
2018/05/16 12:26:47.258 [E] [asm_amd64.s:2337] 数据未准备好，重试。
2018/05/16 12:26:53.961 [E] [base.go:232] 682175 数据推测计算错误 exit status 127
2018/05/16 12:26:54.136 [E] [base.go:233] 682175 miss数据推测计算错误 exit status 1
2018/05/16 12:26:56.169 [I] [main.go:44] 进行对k临近算法的运算。
2018/05/16 12:27:25.726 [E] [main.go:44] 数据未准备好，重试。
2018/05/16 12:27:27.781 [I] [main.go:44] 进行对k临近算法的运算。
2018/05/16 12:27:54.721 [E] [asm_amd64.s:2337] 数据未准备好，重试。
2018/05/16 12:28:02.720 [E] [main.go:44] 数据未准备好，重试。
2018/05/16 12:28:04.770 [I] [main.go:44] 进行对k临近算法的运算。
2018/05/16 12:28:16.138 [E] [asm_amd64.s:2337] 数据未准备好，重试。
2018/05/16 12:28:20.840 [E] [asm_amd64.s:2337] 数据未准备好，重试。
2018/05/16 12:28:35.367 [E] [base.go:232] 682176 数据推测计算错误 exit status 127
2018/05/16 12:28:35.539 [E] [base.go:233] 682176 miss数据推测计算错误 exit status 1
2018/05/16 12:28:37.583 [I] [main.go:44] 进行对k临近算法的运算。
2018/05/16 12:28:46.412 [E] [asm_amd64.s:2337] 数据未准备好，重试。
2018/05/16 12:28:46.576 [E] [asm_amd64.s:2337] 数据未准备好，重试。
2018/05/16 12:33:44.151 [I] [proc.go:195] 这是一个辅助工具。作者 邓云飞。
2018/05/16 12:33:44.151 [I] [proc.go:195] 开始运行。
2018/05/16 12:33:46.151 [I] [main.go:44] 进行对k临近算法的运算。
2018/05/16 12:33:58.570 [E] [base.go:232] 682177 数据推测计算错误 exit status 127
2018/05/16 12:34:00.680 [I] [main.go:44] 进行对k临近算法的运算。
2018/05/16 12:34:19.224 [E] [base.go:232] 682177 数据推测计算错误 exit status 127
2018/05/16 12:34:21.333 [I] [main.go:44] 进行对k临近算法的运算。
2018/05/16 12:34:29.420 [E] [base.go:232] 682177 数据推测计算错误 exit status 127
2018/05/16 12:34:31.528 [I] [main.go:44] 进行对k临近算法的运算。
2018/05/16 12:34:44.601 [E] [base.go:232] 682177 数据推测计算错误 exit status 127
2018/05/16 12:34:46.711 [I] [main.go:44] 进行对k临近算法的运算。
2018/05/16 12:35:10.457 [E] [base.go:232] 682177 数据推测计算错误 exit status 127
2018/05/16 12:35:12.568 [I] [main.go:44] 进行对k临近算法的运算。
2018/05/16 12:35:23.762 [E] [base.go:232] 682177 数据推测计算错误 exit status 127
2018/05/16 12:35:25.871 [I] [main.go:44] 进行对k临近算法的运算。
2018/05/16 12:35:33.991 [E] [base.go:232] 682177 数据推测计算错误 exit status 127
2018/05/16 12:35:36.097 [I] [main.go:44] 进行对k临近算法的运算。
2018/05/16 12:35:44.869 [I] [proc.go:195] 这是一个辅助工具。作者 邓云飞。
2018/05/16 12:35:44.869 [I] [proc.go:195] 开始运行。
2018/05/16 12:35:46.870 [I] [main.go:44] 进行对k临近算法的运算。
2018/05/16 12:35:54.913 [E] [base.go:232] 682177 数据推测计算错误 exit status 127
2018/05/16 12:35:57.019 [I] [main.go:44] 进行对k临近算法的运算。
2018/05/16 12:36:05.229 [E] [base.go:232] 682177 数据推测计算错误 exit status 127
2018/05/16 12:36:07.339 [I] [main.go:44] 进行对k临近算法的运算。
2018/05/16 12:36:15.408 [E] [base.go:232] 682177 数据推测计算错误 exit status 127
2018/05/16 12:36:17.517 [I] [main.go:44] 进行对k临近算法的运算。
2018/05/16 12:36:25.664 [E] [base.go:232] 682177 数据推测计算错误 exit status 127
2018/05/16 12:36:27.773 [I] [main.go:44] 进行对k临近算法的运算。
2018/05/16 12:36:35.898 [E] [base.go:232] 682177 数据推测计算错误 exit status 127
2018/05/16 12:36:38.025 [I] [main.go:44] 进行对k临近算法的运算。
2018/05/16 12:36:46.259 [E] [base.go:232] 682177 数据推测计算错误 exit status 127
2018/05/16 12:36:48.368 [I] [main.go:44] 进行对k临近算法的运算。
2018/05/16 12:36:56.501 [E] [base.go:232] 682177 数据推测计算错误 exit status 127
2018/05/16 12:36:58.611 [I] [main.go:44] 进行对k临近算法的运算。
2018/05/16 12:37:06.888 [E] [base.go:232] 682177 数据推测计算错误 exit status 127
2018/05/16 12:37:08.999 [I] [main.go:44] 进行对k临近算法的运算。
2018/05/16 12:37:17.595 [E] [base.go:232] 682177 数据推测计算错误 exit status 127
2018/05/16 12:37:19.704 [I] [main.go:44] 进行对k临近算法的运算。
2018/05/16 12:37:27.940 [E] [base.go:232] 682177 数据推测计算错误 exit status 127
2018/05/16 12:37:30.049 [I] [main.go:44] 进行对k临近算法的运算。
2018/05/16 12:37:38.225 [E] [base.go:232] 682177 数据推测计算错误 exit status 127
2018/05/16 12:37:40.333 [I] [main.go:44] 进行对k临近算法的运算。
2018/05/16 12:37:48.513 [E] [base.go:232] 682178 数据推测计算错误 exit status 127
2018/05/16 12:37:50.623 [I] [main.go:44] 进行对k临近算法的运算。
2018/05/16 12:38:03.226 [E] [base.go:232] 682178 数据推测计算错误 exit status 127
2018/05/16 12:38:05.494 [I] [main.go:44] 进行对k临近算法的运算。
2018/05/16 12:38:10.471 [E] [main.go:44] 数据未准备好，重试。
2018/05/16 12:38:12.493 [I] [main.go:44] 进行对k临近算法的运算。
2018/05/16 12:38:37.738 [E] [base.go:232] 682178 数据推测计算错误 exit status 127
2018/05/16 12:38:37.944 [E] [base.go:233] 682178 miss数据推测计算错误 exit status 1
2018/05/16 12:38:40.008 [I] [main.go:44] 进行对k临近算法的运算。
2018/05/16 12:46:16.061 [I] [proc.go:195] 这是一个辅助工具。作者 邓云飞。
2018/05/16 12:46:16.061 [I] [proc.go:195] 开始运行。
2018/05/16 12:46:18.061 [I] [main.go:44] 进行对k临近算法的运算。
2018/05/16 12:46:28.225 [I] [main.go:44] 进行对k临近算法的运算。
2018/05/16 12:46:38.389 [I] [main.go:44] 进行对k临近算法的运算。
2018/05/16 12:46:48.658 [I] [main.go:44] 进行对k临近算法的运算。
2018/05/16 12:46:59.019 [I] [main.go:44] 进行对k临近算法的运算。
2018/05/16 12:47:09.257 [I] [main.go:44] 进行对k临近算法的运算。
2018/05/16 12:47:19.823 [I] [main.go:44] 进行对k临近算法的运算。
2018/05/16 12:47:30.213 [I] [main.go:44] 进行对k临近算法的运算。
2018/05/16 12:47:40.414 [I] [main.go:44] 进行对k临近算法的运算。
2018/05/16 12:47:50.621 [I] [main.go:44] 进行对k临近算法的运算。
2018/05/16 12:48:00.871 [I] [main.go:44] 进行对k临近算法的运算。
2018/05/16 12:48:11.202 [I] [main.go:44] 进行对k临近算法的运算。
2018/05/16 12:48:21.447 [I] [main.go:44] 进行对k临近算法的运算。
2018/05/16 12:48:31.646 [I] [main.go:44] 进行对k临近算法的运算。
2018/05/16 12:48:41.828 [I] [main.go:44] 进行对k临近算法的运算。
2018/05/16 12:48:51.996 [I] [main.go:44] 进行对k临近算法的运算。
2018/05/16 12:49:02.225 [I] [main.go:44] 进行对k临近算法的运算。
2018/05/16 12:49:12.567 [I] [main.go:44] 进行对k临近算法的运算。
2018/05/16 12:49:22.989 [I] [main.go:44] 进行对k临近算法的运算。
2018/05/16 12:49:33.275 [I] [main.go:44] 进行对k临近算法的运算。
2018/05/16 12:49:43.498 [I] [main.go:44] 进行对k临近算法的运算。
2018/05/16 12:49:53.853 [I] [main.go:44] 进行对k临近算法的运算。
2018/05/16 12:50:04.250 [I] [main.go:44] 进行对k临近算法的运算。
2018/05/16 12:50:14.636 [I] [main.go:44] 进行对k临近算法的运算。
2018/05/16 12:50:24.925 [I] [main.go:44] 进行对k临近算法的运算。
2018/05/16 12:50:35.322 [I] [main.go:44] 进行对k临近算法的运算。
2018/05/16 12:50:45.683 [I] [main.go:44] 进行对k临近算法的运算。
2018/05/16 12:50:55.954 [I] [main.go:44] 进行对k临近算法的运算。
2018/05/16 12:51:06.239 [I] [main.go:44] 进行对k临近算法的运算。
2018/05/16 12:51:16.522 [I] [main.go:44] 进行对k临近算法的运算。
2018/05/16 12:51:26.978 [I] [main.go:44] 进行对k临近算法的运算。
2018/05/16 12:51:37.311 [I] [main.go:44] 进行对k临近算法的运算。
2018/05/16 12:51:47.666 [I] [main.go:44] 进行对k临近算法的运算。
2018/05/16 12:51:57.924 [I] [main.go:44] 进行对k临近算法的运算。
2018/05/16 12:52:08.567 [I] [main.go:44] 进行对k临近算法的运算。
2018/05/16 12:52:18.915 [I] [main.go:44] 进行对k临近算法的运算。
2018/05/16 12:52:29.491 [I] [main.go:44] 进行对k临近算法的运算。
2018/05/16 12:52:39.817 [I] [main.go:44] 进行对k临近算法的运算。
2018/05/16 12:52:50.073 [I] [main.go:44] 进行对k临近算法的运算。
2018/05/16 12:53:00.417 [I] [main.go:44] 进行对k临近算法的运算。
2018/05/16 12:53:10.830 [I] [main.go:44] 进行对k临近算法的运算。
2018/05/16 12:53:21.098 [I] [main.go:44] 进行对k临近算法的运算。
2018/05/16 12:53:31.308 [I] [main.go:44] 进行对k临近算法的运算。
2018/05/16 12:53:41.728 [I] [main.go:44] 进行对k临近算法的运算。
2018/05/16 12:53:51.994 [I] [main.go:44] 进行对k临近算法的运算。
2018/05/16 12:54:02.294 [I] [main.go:44] 进行对k临近算法的运算。
2018/05/16 12:54:12.602 [I] [main.go:44] 进行对k临近算法的运算。
2018/05/16 12:54:22.856 [I] [main.go:44] 进行对k临近算法的运算。
2018/05/16 12:54:33.109 [I] [main.go:44] 进行对k临近算法的运算。
2018/05/16 12:54:43.538 [I] [main.go:44] 进行对k临近算法的运算。
2018/05/16 12:54:53.929 [I] [main.go:44] 进行对k临近算法的运算。
2018/05/16 12:55:04.175 [I] [main.go:44] 进行对k临近算法的运算。
2018/05/16 12:55:14.505 [I] [main.go:44] 进行对k临近算法的运算。
2018/05/16 12:55:24.922 [I] [main.go:44] 进行对k临近算法的运算。
2018/05/16 12:55:35.216 [I] [main.go:44] 进行对k临近算法的运算。
2018/05/16 12:55:45.480 [I] [main.go:44] 进行对k临近算法的运算。
2018/05/16 12:55:55.696 [I] [main.go:44] 进行对k临近算法的运算。
2018/05/16 12:56:06.084 [I] [main.go:44] 进行对k临近算法的运算。
2018/05/16 12:56:16.321 [I] [main.go:44] 进行对k临近算法的运算。
2018/05/16 12:56:26.543 [I] [main.go:44] 进行对k临近算法的运算。
2018/05/16 12:56:36.750 [I] [main.go:44] 进行对k临近算法的运算。
2018/05/16 12:56:47.114 [I] [main.go:44] 进行对k临近算法的运算。
2018/05/16 12:56:57.320 [I] [main.go:44] 进行对k临近算法的运算。
2018/05/16 12:57:07.523 [I] [main.go:44] 进行对k临近算法的运算。
2018/05/16 12:57:17.781 [I] [main.go:44] 进行对k临近算法的运算。
2018/05/16 12:57:28.591 [I] [main.go:44] 进行对k临近算法的运算。
2018/05/16 12:57:38.856 [I] [main.go:44] 进行对k临近算法的运算。
2018/05/16 12:57:49.030 [I] [main.go:44] 进行对k临近算法的运算。
2018/05/16 12:57:59.355 [I] [main.go:44] 进行对k临近算法的运算。
2018/05/16 12:58:09.663 [I] [main.go:44] 进行对k临近算法的运算。
2018/05/16 12:58:20.041 [I] [main.go:44] 进行对k临近算法的运算。
2018/05/16 12:58:36.038 [I] [proc.go:195] 这是一个辅助工具。作者 邓云飞。
2018/05/16 12:58:36.038 [I] [proc.go:195] 开始运行。
2018/05/16 12:58:38.038 [I] [main.go:44] 进行对k临近算法的运算。
2018/05/16 12:58:48.239 [I] [main.go:44] 进行对k临近算法的运算。
2018/05/16 12:58:58.346 [I] [main.go:44] 进行对k临近算法的运算。
2018/05/16 12:59:08.487 [I] [main.go:44] 进行对k临近算法的运算。
2018/05/16 12:59:18.658 [I] [main.go:44] 进行对k临近算法的运算。
2018/05/16 12:59:56.434 [I] [proc.go:195] 这是一个辅助工具。作者 邓云飞。
2018/05/16 12:59:56.434 [I] [proc.go:195] 开始运行。
2018/05/16 12:59:58.435 [I] [main.go:44] 进行对k临近算法的运算。
2018/05/16 13:00:08.801 [I] [main.go:44] 进行对k临近算法的运算。
2018/05/16 13:00:19.303 [I] [main.go:44] 进行对k临近算法的运算。
2018/05/16 13:00:29.585 [I] [main.go:44] 进行对k临近算法的运算。
2018/05/16 13:00:39.802 [I] [main.go:44] 进行对k临近算法的运算。
2018/05/16 13:00:49.971 [I] [main.go:44] 进行对k临近算法的运算。
2018/05/16 13:01:00.191 [I] [main.go:44] 进行对k临近算法的运算。
2018/05/16 13:01:10.583 [I] [main.go:44] 进行对k临近算法的运算。
2018/05/16 13:01:20.762 [I] [main.go:44] 进行对k临近算法的运算。
2018/05/16 13:01:31.003 [I] [main.go:44] 进行对k临近算法的运算。
2018/05/16 13:01:41.307 [I] [main.go:44] 进行对k临近算法的运算。
2018/05/16 13:01:51.666 [I] [main.go:44] 进行对k临近算法的运算。
2018/05/16 13:02:01.849 [I] [main.go:44] 进行对k临近算法的运算。
2018/05/16 13:02:12.273 [I] [main.go:44] 进行对k临近算法的运算。
2018/05/16 13:02:22.439 [I] [main.go:44] 进行对k临近算法的运算。
2018/05/16 13:02:32.981 [I] [main.go:44] 进行对k临近算法的运算。
2018/05/16 13:02:43.304 [I] [main.go:44] 进行对k临近算法的运算。
2018/05/16 13:02:53.538 [I] [main.go:44] 进行对k临近算法的运算。
2018/05/16 13:03:03.860 [I] [main.go:44] 进行对k临近算法的运算。
2018/05/16 13:03:14.098 [I] [main.go:44] 进行对k临近算法的运算。
2018/05/16 13:03:24.519 [I] [main.go:44] 进行对k临近算法的运算。
2018/05/16 13:03:34.805 [I] [main.go:44] 进行对k临近算法的运算。
2018/05/16 13:03:45.019 [I] [main.go:44] 进行对k临近算法的运算。
2018/05/16 13:03:55.272 [I] [main.go:44] 进行对k临近算法的运算。
2018/05/16 13:04:05.573 [I] [main.go:44] 进行对k临近算法的运算。
2018/05/16 13:04:15.862 [I] [main.go:44] 进行对k临近算法的运算。
2018/05/16 13:04:26.060 [I] [main.go:44] 进行对k临近算法的运算。
2018/05/16 13:04:36.381 [I] [main.go:44] 进行对k临近算法的运算。
2018/05/16 13:04:46.684 [I] [main.go:44] 进行对k临近算法的运算。
2018/05/16 13:04:56.971 [I] [main.go:44] 进行对k临近算法的运算。
2018/05/16 13:05:07.229 [I] [main.go:44] 进行对k临近算法的运算。
2018/05/16 13:05:17.620 [I] [main.go:44] 进行对k临近算法的运算。
2018/05/16 13:05:27.897 [I] [main.go:44] 进行对k临近算法的运算。
2018/05/16 13:05:38.268 [I] [main.go:44] 进行对k临近算法的运算。
2018/05/16 13:05:48.651 [I] [main.go:44] 进行对k临近算法的运算。
2018/05/16 13:05:58.953 [I] [main.go:44] 进行对k临近算法的运算。
2018/05/16 13:06:09.308 [I] [main.go:44] 进行对k临近算法的运算。
2018/05/16 13:06:19.640 [I] [main.go:44] 进行对k临近算法的运算。
2018/05/16 13:06:29.973 [I] [main.go:44] 进行对k临近算法的运算。
2018/05/16 13:06:40.237 [I] [main.go:44] 进行对k临近算法的运算。
2018/05/16 13:06:50.539 [I] [main.go:44] 进行对k临近算法的运算。
2018/05/16 13:07:01.005 [I] [main.go:44] 进行对k临近算法的运算。
2018/05/16 13:07:11.288 [I] [main.go:44] 进行对k临近算法的运算。
2018/05/16 13:07:21.619 [I] [main.go:44] 进行对k临近算法的运算。
2018/05/16 13:07:32.133 [I] [main.go:44] 进行对k临近算法的运算。
2018/05/16 13:07:42.552 [I] [main.go:44] 进行对k临近算法的运算。
2018/05/16 13:07:52.738 [I] [main.go:44] 进行对k临近算法的运算。
2018/05/16 13:08:02.978 [I] [main.go:44] 进行对k临近算法的运算。
2018/05/16 13:08:13.248 [I] [main.go:44] 进行对k临近算法的运算。
2018/05/16 13:08:23.575 [I] [main.go:44] 进行对k临近算法的运算。
2018/05/16 13:08:33.889 [I] [main.go:44] 进行对k临近算法的运算。
2018/05/16 13:08:44.197 [I] [main.go:44] 进行对k临近算法的运算。
2018/05/16 13:08:54.697 [I] [main.go:44] 进行对k临近算法的运算。
2018/05/16 13:09:04.976 [I] [main.go:44] 进行对k临近算法的运算。
2018/05/16 13:09:15.389 [I] [main.go:44] 进行对k临近算法的运算。
2018/05/16 13:09:25.740 [I] [main.go:44] 进行对k临近算法的运算。
2018/05/16 13:09:35.959 [I] [main.go:44] 进行对k临近算法的运算。
2018/05/16 13:09:46.384 [I] [main.go:44] 进行对k临近算法的运算。
2018/05/16 13:09:56.700 [I] [main.go:44] 进行对k临近算法的运算。
2018/05/16 13:10:07.198 [I] [main.go:44] 进行对k临近算法的运算。
2018/05/16 13:10:17.625 [I] [main.go:44] 进行对k临近算法的运算。
2018/05/16 13:10:27.874 [I] [main.go:44] 进行对k临近算法的运算。
2018/05/16 13:10:38.175 [I] [main.go:44] 进行对k临近算法的运算。
2018/05/16 13:10:48.503 [I] [main.go:44] 进行对k临近算法的运算。
2018/05/16 13:10:58.826 [I] [main.go:44] 进行对k临近算法的运算。
2018/05/16 13:11:09.093 [I] [main.go:44] 进行对k临近算法的运算。
2018/05/16 13:11:19.364 [I] [main.go:44] 进行对k临近算法的运算。
2018/05/16 13:12:07.431 [I] [proc.go:195] 这是一个辅助工具。作者 邓云飞。
2018/05/16 13:12:07.431 [I] [proc.go:195] 开始运行。
2018/05/16 13:12:09.431 [I] [main.go:44] 进行对k临近算法的运算。
2018/05/16 13:12:19.696 [I] [main.go:44] 进行对k临近算法的运算。
2018/05/16 13:12:29.977 [I] [main.go:44] 进行对k临近算法的运算。
2018/05/16 13:12:40.689 [I] [main.go:44] 进行对k临近算法的运算。
2018/05/16 13:12:50.898 [I] [main.go:44] 进行对k临近算法的运算。
2018/05/16 13:13:01.094 [I] [main.go:44] 进行对k临近算法的运算。
2018/05/16 13:13:11.796 [I] [main.go:44] 进行对k临近算法的运算。
2018/05/16 13:13:22.149 [I] [main.go:44] 进行对k临近算法的运算。
2018/05/16 13:13:32.326 [I] [main.go:44] 进行对k临近算法的运算。
2018/05/16 13:13:42.795 [I] [main.go:44] 进行对k临近算法的运算。
2018/05/16 13:13:53.084 [I] [main.go:44] 进行对k临近算法的运算。
2018/05/16 13:14:03.398 [I] [main.go:44] 进行对k临近算法的运算。
2018/05/16 13:14:13.838 [I] [main.go:44] 进行对k临近算法的运算。
2018/05/16 13:14:24.196 [I] [main.go:44] 进行对k临近算法的运算。
2018/05/16 13:14:34.619 [I] [main.go:44] 进行对k临近算法的运算。
2018/05/16 13:14:44.930 [I] [main.go:44] 进行对k临近算法的运算。
2018/05/16 13:15:12.967 [I] [proc.go:195] 这是一个辅助工具。作者 邓云飞。
2018/05/16 13:15:12.967 [I] [proc.go:195] 开始运行。
2018/05/16 13:15:14.967 [I] [main.go:44] 进行对k临近算法的运算。
2018/05/16 13:15:29.141 [I] [main.go:44] 进行对k临近算法的运算。
2018/05/16 13:15:38.634 [I] [proc.go:195] 这是一个辅助工具。作者 邓云飞。
2018/05/16 13:15:38.634 [I] [proc.go:195] 开始运行。
2018/05/16 13:15:40.635 [I] [main.go:44] 进行对k临近算法的运算。
2018/05/16 13:15:55.809 [I] [main.go:44] 进行对k临近算法的运算。
2018/05/16 13:16:09.745 [I] [main.go:44] 进行对k临近算法的运算。
2018/05/16 13:16:23.345 [I] [main.go:44] 进行对k临近算法的运算。
2018/05/16 13:16:36.343 [I] [main.go:44] 进行对k临近算法的运算。
2018/05/16 13:16:49.487 [I] [main.go:44] 进行对k临近算法的运算。
2018/05/16 13:18:22.492 [I] [proc.go:195] 这是一个辅助工具。作者 邓云飞。
2018/05/16 13:18:22.492 [I] [proc.go:195] 开始运行。
2018/05/16 13:18:24.493 [I] [main.go:44] 进行对k临近算法的运算。
2018/05/16 13:18:34.830 [I] [main.go:44] 进行对k临近算法的运算。
2018/05/16 13:18:45.126 [I] [main.go:44] 进行对k临近算法的运算。
2018/05/16 13:18:55.246 [I] [main.go:44] 进行对k临近算法的运算。
2018/05/16 13:19:05.482 [I] [main.go:44] 进行对k临近算法的运算。
2018/05/16 13:19:15.737 [I] [main.go:44] 进行对k临近算法的运算。
2018/05/16 13:19:26.101 [I] [main.go:44] 进行对k临近算法的运算。
2018/05/16 13:19:36.369 [I] [main.go:44] 进行对k临近算法的运算。
2018/05/16 13:19:46.677 [I] [main.go:44] 进行对k临近算法的运算。
2018/05/16 13:19:57.111 [I] [main.go:44] 进行对k临近算法的运算。
2018/05/16 13:20:07.533 [I] [main.go:44] 进行对k临近算法的运算。
2018/05/16 13:20:18.003 [I] [main.go:44] 进行对k临近算法的运算。
2018/05/16 13:20:28.399 [I] [main.go:44] 进行对k临近算法的运算。
2018/05/16 13:20:56.879 [I] [proc.go:195] 这是一个辅助工具。作者 邓云飞。
2018/05/16 13:20:56.880 [I] [proc.go:195] 开始运行。
2018/05/16 13:20:58.881 [I] [main.go:44] 进行对k临近算法的运算。
2018/05/16 13:21:07.034 [E] [base.go:234] 682187 miss数据推测计算错误 exit status 1
2018/05/16 13:21:09.034 [I] [main.go:44] 进行对k临近算法的运算。
2018/05/16 13:21:17.206 [E] [base.go:234] 682187 miss数据推测计算错误 exit status 1
2018/05/16 13:21:29.890 [I] [proc.go:195] 这是一个辅助工具。作者 邓云飞。
2018/05/16 13:21:29.891 [I] [proc.go:195] 开始运行。
2018/05/16 13:21:31.891 [I] [main.go:44] 进行对k临近算法的运算。
2018/05/16 13:21:40.122 [E] [base.go:234] 682187 miss数据推测计算错误 exit status 1
2018/05/16 13:21:42.122 [I] [main.go:44] 进行对k临近算法的运算。
2018/05/16 13:21:50.393 [E] [base.go:234] 682187 miss数据推测计算错误 exit status 1
2018/05/16 13:21:52.393 [I] [main.go:44] 进行对k临近算法的运算。
2018/05/16 13:22:00.671 [E] [base.go:234] 682187 miss数据推测计算错误 exit status 1
2018/05/16 13:22:02.672 [I] [main.go:44] 进行对k临近算法的运算。
2018/05/16 13:22:11.042 [E] [base.go:234] 682187 miss数据推测计算错误 exit status 1
2018/05/16 13:22:13.042 [I] [main.go:44] 进行对k临近算法的运算。
2018/05/16 13:22:21.431 [E] [base.go:234] 682187 miss数据推测计算错误 exit status 1
2018/05/16 13:22:23.432 [I] [main.go:44] 进行对k临近算法的运算。
2018/05/16 13:22:32.548 [I] [proc.go:195] 这是一个辅助工具。作者 邓云飞。
2018/05/16 13:22:32.548 [I] [proc.go:195] 开始运行。
2018/05/16 13:22:34.548 [I] [main.go:44] 进行对k临近算法的运算。
2018/05/16 13:22:43.135 [E] [base.go:234] 682187 miss数据推测计算错误 exit status 1
2018/05/16 13:22:45.135 [I] [main.go:44] 进行对k临近算法的运算。
2018/05/16 13:22:53.619 [E] [base.go:234] 682188 miss数据推测计算错误 exit status 1
2018/05/16 13:22:55.619 [I] [main.go:44] 进行对k临近算法的运算。
2018/05/16 13:23:03.932 [E] [base.go:234] 682188 miss数据推测计算错误 exit status 1
2018/05/16 13:23:05.932 [I] [main.go:44] 进行对k临近算法的运算。
2018/05/16 13:23:14.229 [E] [base.go:234] 682188 miss数据推测计算错误 exit status 1
2018/05/16 13:23:16.229 [I] [main.go:44] 进行对k临近算法的运算。
2018/05/16 13:23:24.529 [E] [base.go:234] 682188 miss数据推测计算错误 exit status 1
2018/05/16 13:23:26.529 [I] [main.go:44] 进行对k临近算法的运算。
2018/05/16 13:23:34.793 [E] [base.go:234] 682188 miss数据推测计算错误 exit status 1
2018/05/16 13:23:36.793 [I] [main.go:44] 进行对k临近算法的运算。
2018/05/16 13:23:45.016 [E] [base.go:234] 682188 miss数据推测计算错误 exit status 1
2018/05/16 13:23:47.016 [I] [main.go:44] 进行对k临近算法的运算。
2018/05/16 13:23:55.258 [E] [base.go:234] 682188 miss数据推测计算错误 exit status 1
2018/05/16 13:23:57.258 [I] [main.go:44] 进行对k临近算法的运算。
2018/05/16 13:28:15.020 [I] [proc.go:195] 这是一个辅助工具。作者 邓云飞。
2018/05/16 13:28:15.020 [I] [proc.go:195] 开始运行。
2018/05/16 13:28:17.021 [I] [main.go:44] 进行对k临近算法的运算。
2018/05/16 13:28:27.264 [I] [main.go:44] 进行对k临近算法的运算。
2018/05/16 13:28:37.499 [I] [main.go:44] 进行对k临近算法的运算。
2018/05/16 13:28:47.812 [I] [main.go:44] 进行对k临近算法的运算。
2018/05/16 13:29:06.782 [I] [proc.go:195] 这是一个辅助工具。作者 邓云飞。
2018/05/16 13:29:06.782 [I] [proc.go:195] 开始运行。
2018/05/16 13:29:08.783 [I] [main.go:44] 进行对k临近算法的运算。
2018/05/16 13:29:19.099 [I] [main.go:44] 进行对k临近算法的运算。
2018/05/16 13:29:29.368 [I] [main.go:44] 进行对k临近算法的运算。
2018/05/16 13:29:39.732 [I] [main.go:44] 进行对k临近算法的运算。
2018/05/16 13:29:49.902 [I] [main.go:44] 进行对k临近算法的运算。
2018/05/16 13:30:00.173 [I] [main.go:44] 进行对k临近算法的运算。
2018/05/16 13:30:10.733 [I] [main.go:44] 进行对k临近算法的运算。
2018/05/16 13:30:21.020 [I] [main.go:44] 进行对k临近算法的运算。
2018/05/16 13:30:31.200 [I] [main.go:44] 进行对k临近算法的运算。
2018/05/16 13:30:41.512 [I] [main.go:44] 进行对k临近算法的运算。
2018/05/16 13:30:51.873 [I] [main.go:44] 进行对k临近算法的运算。
2018/05/16 13:31:02.184 [I] [main.go:44] 进行对k临近算法的运算。
2018/05/16 13:31:12.777 [I] [main.go:44] 进行对k临近算法的运算。
2018/05/16 13:31:23.081 [I] [main.go:44] 进行对k临近算法的运算。
2018/05/16 13:31:33.397 [I] [main.go:44] 进行对k临近算法的运算。
2018/05/16 13:31:43.721 [I] [main.go:44] 进行对k临近算法的运算。
2018/05/16 13:31:53.890 [I] [main.go:44] 进行对k临近算法的运算。
2018/05/16 13:32:04.097 [I] [main.go:44] 进行对k临近算法的运算。
2018/05/16 13:32:14.422 [I] [main.go:44] 进行对k临近算法的运算。
2018/05/16 13:32:24.682 [I] [main.go:44] 进行对k临近算法的运算。
2018/05/16 13:32:34.987 [I] [main.go:44] 进行对k临近算法的运算。
2018/05/16 13:32:45.350 [I] [main.go:44] 进行对k临近算法的运算。
2018/05/16 13:32:55.888 [I] [main.go:44] 进行对k临近算法的运算。
2018/05/16 13:33:06.201 [I] [main.go:44] 进行对k临近算法的运算。
2018/05/16 13:33:16.695 [I] [main.go:44] 进行对k临近算法的运算。
2018/05/16 13:33:26.879 [I] [main.go:44] 进行对k临近算法的运算。
2018/05/16 13:33:37.125 [I] [main.go:44] 进行对k临近算法的运算。
2018/05/16 13:33:47.385 [I] [main.go:44] 进行对k临近算法的运算。
2018/05/16 13:33:57.597 [I] [main.go:44] 进行对k临近算法的运算。
2018/05/16 13:34:07.872 [I] [main.go:44] 进行对k临近算法的运算。
2018/05/16 13:34:18.298 [I] [main.go:44] 进行对k临近算法的运算。
2018/05/16 13:34:28.651 [I] [main.go:44] 进行对k临近算法的运算。
2018/05/16 13:34:38.907 [I] [main.go:44] 进行对k临近算法的运算。
2018/05/16 13:34:49.221 [I] [main.go:44] 进行对k临近算法的运算。
2018/05/16 13:34:59.509 [I] [main.go:44] 进行对k临近算法的运算。
2018/05/16 13:35:09.848 [I] [main.go:44] 进行对k临近算法的运算。
2018/05/16 13:35:20.242 [I] [main.go:44] 进行对k临近算法的运算。
2018/05/16 13:35:30.625 [I] [main.go:44] 进行对k临近算法的运算。
2018/05/16 13:35:40.840 [I] [main.go:44] 进行对k临近算法的运算。
2018/05/16 13:35:51.147 [I] [main.go:44] 进行对k临近算法的运算。
2018/05/16 13:36:01.537 [I] [main.go:44] 进行对k临近算法的运算。
2018/05/16 13:36:11.883 [I] [main.go:44] 进行对k临近算法的运算。
2018/05/16 13:36:22.330 [I] [main.go:44] 进行对k临近算法的运算。
2018/05/16 13:36:32.619 [I] [main.go:44] 进行对k临近算法的运算。
2018/05/16 13:36:42.864 [I] [main.go:44] 进行对k临近算法的运算。
2018/05/16 13:36:53.146 [I] [main.go:44] 进行对k临近算法的运算。
2018/05/16 13:37:03.431 [I] [main.go:44] 进行对k临近算法的运算。
2018/05/16 13:37:13.799 [I] [main.go:44] 进行对k临近算法的运算。
2018/05/16 13:37:24.217 [I] [main.go:44] 进行对k临近算法的运算。
2018/05/16 13:37:34.446 [I] [main.go:44] 进行对k临近算法的运算。
2018/05/16 13:37:44.641 [I] [main.go:44] 进行对k临近算法的运算。
2018/05/16 13:37:55.203 [I] [main.go:44] 进行对k临近算法的运算。
2018/05/16 13:38:05.744 [I] [main.go:44] 进行对k临近算法的运算。
2018/05/16 13:38:16.111 [I] [main.go:44] 进行对k临近算法的运算。
2018/05/16 13:38:26.384 [I] [main.go:44] 进行对k临近算法的运算。
2018/05/16 13:38:36.767 [I] [main.go:44] 进行对k临近算法的运算。
2018/05/16 13:38:47.006 [I] [main.go:44] 进行对k临近算法的运算。
2018/05/16 13:38:57.304 [I] [main.go:44] 进行对k临近算法的运算。
2018/05/16 13:39:07.825 [I] [main.go:44] 进行对k临近算法的运算。
2018/05/16 13:39:18.097 [I] [main.go:44] 进行对k临近算法的运算。
2018/05/16 13:39:28.307 [I] [main.go:44] 进行对k临近算法的运算。
2018/05/16 13:39:38.594 [I] [main.go:44] 进行对k临近算法的运算。
2018/05/16 13:39:48.955 [I] [main.go:44] 进行对k临近算法的运算。
2018/05/16 13:39:59.054 [I] [main.go:44] 进行对k临近算法的运算。
2018/05/16 13:40:09.358 [I] [main.go:44] 进行对k临近算法的运算。
2018/05/16 13:40:19.654 [I] [main.go:44] 进行对k临近算法的运算。
2018/05/16 13:40:29.938 [I] [main.go:44] 进行对k临近算法的运算。
2018/05/16 13:40:40.087 [I] [main.go:44] 进行对k临近算法的运算。
2018/05/16 13:40:50.448 [I] [main.go:44] 进行对k临近算法的运算。
2018/05/16 13:41:00.801 [I] [main.go:44] 进行对k临近算法的运算。
2018/05/16 13:41:10.970 [I] [main.go:44] 进行对k临近算法的运算。
2018/05/16 13:41:21.381 [I] [main.go:44] 进行对k临近算法的运算。
2018/05/16 13:41:31.737 [I] [main.go:44] 进行对k临近算法的运算。
2018/05/16 13:41:41.965 [I] [main.go:44] 进行对k临近算法的运算。
2018/05/16 13:41:52.177 [I] [main.go:44] 进行对k临近算法的运算。
2018/05/16 13:42:02.524 [I] [main.go:44] 进行对k临近算法的运算。
2018/05/16 13:42:12.954 [I] [main.go:44] 进行对k临近算法的运算。
2018/05/16 13:42:23.262 [I] [main.go:44] 进行对k临近算法的运算。
2018/05/16 13:42:33.724 [I] [main.go:44] 进行对k临近算法的运算。
2018/05/16 13:42:44.108 [I] [main.go:44] 进行对k临近算法的运算。
2018/05/16 13:42:54.532 [I] [main.go:44] 进行对k临近算法的运算。
2018/05/16 13:43:05.179 [I] [main.go:44] 进行对k临近算法的运算。
2018/05/16 13:43:15.531 [I] [main.go:44] 进行对k临近算法的运算。
2018/05/16 13:43:25.891 [I] [main.go:44] 进行对k临近算法的运算。
2018/05/16 13:43:36.206 [I] [main.go:44] 进行对k临近算法的运算。
2018/05/16 13:43:46.547 [I] [main.go:44] 进行对k临近算法的运算。
2018/05/16 13:43:56.829 [I] [main.go:44] 进行对k临近算法的运算。
2018/05/16 13:44:07.215 [I] [main.go:44] 进行对k临近算法的运算。
2018/05/16 13:44:17.462 [I] [main.go:44] 进行对k临近算法的运算。
2018/05/16 13:44:27.753 [I] [main.go:44] 进行对k临近算法的运算。
2018/05/16 13:44:38.186 [I] [main.go:44] 进行对k临近算法的运算。
2018/05/16 13:44:48.494 [I] [main.go:44] 进行对k临近算法的运算。
2018/05/16 13:44:58.665 [I] [main.go:44] 进行对k临近算法的运算。
2018/05/16 13:45:09.181 [I] [main.go:44] 进行对k临近算法的运算。
2018/05/16 13:45:19.532 [I] [main.go:44] 进行对k临近算法的运算。
2018/05/16 13:45:29.779 [I] [main.go:44] 进行对k临近算法的运算。
2018/05/16 13:45:40.125 [I] [main.go:44] 进行对k临近算法的运算。
2018/05/16 13:45:50.427 [I] [main.go:44] 进行对k临近算法的运算。
2018/05/16 13:46:00.735 [I] [main.go:44] 进行对k临近算法的运算。
2018/05/16 13:46:11.282 [I] [main.go:44] 进行对k临近算法的运算。
2018/05/16 13:46:21.610 [I] [main.go:44] 进行对k临近算法的运算。
2018/05/16 13:46:31.914 [I] [main.go:44] 进行对k临近算法的运算。
2018/05/16 13:46:42.356 [I] [main.go:44] 进行对k临近算法的运算。
2018/05/16 13:46:52.595 [I] [main.go:44] 进行对k临近算法的运算。
2018/05/16 13:47:02.773 [I] [main.go:44] 进行对k临近算法的运算。
2018/05/16 13:47:13.018 [I] [main.go:44] 进行对k临近算法的运算。
2018/05/16 13:47:23.139 [I] [main.go:44] 进行对k临近算法的运算。
2018/05/16 13:47:33.374 [I] [main.go:44] 进行对k临近算法的运算。
2018/05/16 13:47:43.526 [I] [main.go:44] 进行对k临近算法的运算。
2018/05/16 13:47:53.676 [I] [main.go:44] 进行对k临近算法的运算。
2018/05/16 13:48:04.315 [I] [main.go:44] 进行对k临近算法的运算。
2018/05/16 13:48:14.789 [I] [main.go:44] 进行对k临近算法的运算。
2018/05/16 13:48:24.994 [I] [main.go:44] 进行对k临近算法的运算。
2018/05/16 13:48:35.384 [I] [main.go:44] 进行对k临近算法的运算。
2018/05/16 13:48:45.655 [I] [main.go:44] 进行对k临近算法的运算。
2018/05/16 13:48:55.910 [I] [main.go:44] 进行对k临近算法的运算。
2018/05/16 13:49:06.216 [I] [main.go:44] 进行对k临近算法的运算。
2018/05/16 13:49:16.739 [I] [main.go:44] 进行对k临近算法的运算。
2018/05/16 13:49:27.154 [I] [main.go:44] 进行对k临近算法的运算。
2018/05/16 13:49:37.350 [I] [main.go:44] 进行对k临近算法的运算。
2018/05/16 13:49:47.719 [I] [main.go:44] 进行对k临近算法的运算。
2018/05/16 13:49:57.991 [I] [main.go:44] 进行对k临近算法的运算。
2018/05/16 13:50:08.318 [I] [main.go:44] 进行对k临近算法的运算。
2018/05/16 13:50:18.626 [I] [main.go:44] 进行对k临近算法的运算。
2018/05/16 13:50:29.068 [I] [main.go:44] 进行对k临近算法的运算。
2018/05/16 13:50:39.283 [I] [main.go:44] 进行对k临近算法的运算。
2018/05/16 13:50:49.547 [I] [main.go:44] 进行对k临近算法的运算。
2018/05/16 13:50:59.726 [I] [main.go:44] 进行对k临近算法的运算。
2018/05/16 13:51:10.048 [I] [main.go:44] 进行对k临近算法的运算。
2018/05/16 13:51:20.343 [I] [main.go:44] 进行对k临近算法的运算。
2018/05/16 13:51:30.544 [I] [main.go:44] 进行对k临近算法的运算。
2018/05/16 13:51:40.908 [I] [main.go:44] 进行对k临近算法的运算。
2018/05/16 13:51:51.112 [I] [main.go:44] 进行对k临近算法的运算。
2018/05/16 13:52:01.329 [I] [main.go:44] 进行对k临近算法的运算。
2018/05/16 13:52:11.934 [I] [main.go:44] 进行对k临近算法的运算。
2018/05/16 13:52:22.147 [I] [main.go:44] 进行对k临近算法的运算。
2018/05/16 13:52:32.386 [I] [main.go:44] 进行对k临近算法的运算。
2018/05/16 13:52:42.603 [I] [main.go:44] 进行对k临近算法的运算。
2018/05/16 13:52:52.820 [I] [main.go:44] 进行对k临近算法的运算。
2018/05/16 13:53:03.279 [I] [main.go:44] 进行对k临近算法的运算。
2018/05/16 13:53:13.760 [I] [main.go:44] 进行对k临近算法的运算。
2018/05/16 13:53:23.991 [I] [main.go:44] 进行对k临近算法的运算。
2018/05/16 13:53:34.219 [I] [main.go:44] 进行对k临近算法的运算。
2018/05/16 13:53:44.405 [I] [main.go:44] 进行对k临近算法的运算。
2018/05/16 13:53:54.714 [I] [main.go:44] 进行对k临近算法的运算。
2018/05/16 13:54:04.993 [I] [main.go:44] 进行对k临近算法的运算。
2018/05/16 13:54:15.242 [I] [main.go:44] 进行对k临近算法的运算。
2018/05/16 13:54:25.460 [I] [main.go:44] 进行对k临近算法的运算。
2018/05/16 13:54:35.610 [I] [main.go:44] 进行对k临近算法的运算。
2018/05/16 13:54:45.836 [I] [main.go:44] 进行对k临近算法的运算。
2018/05/16 13:54:55.956 [I] [main.go:44] 进行对k临近算法的运算。
2018/05/16 13:55:06.220 [I] [main.go:44] 进行对k临近算法的运算。
2018/05/16 13:55:16.404 [I] [main.go:44] 进行对k临近算法的运算。
2018/05/16 13:55:26.676 [I] [main.go:44] 进行对k临近算法的运算。
2018/05/16 13:55:36.921 [I] [main.go:44] 进行对k临近算法的运算。
2018/05/16 13:55:47.114 [I] [main.go:44] 进行对k临近算法的运算。
2018/05/16 13:55:57.253 [I] [main.go:44] 进行对k临近算法的运算。
2018/05/16 13:56:07.560 [I] [main.go:44] 进行对k临近算法的运算。
2018/05/16 13:56:17.783 [I] [main.go:44] 进行对k临近算法的运算。
2018/05/16 13:56:28.066 [I] [main.go:44] 进行对k临近算法的运算。
2018/05/16 13:56:38.222 [I] [main.go:44] 进行对k临近算法的运算。
2018/05/16 13:56:48.423 [I] [main.go:44] 进行对k临近算法的运算。
2018/05/16 13:56:58.575 [I] [main.go:44] 进行对k临近算法的运算。
2018/05/16 13:57:08.721 [I] [main.go:44] 进行对k临近算法的运算。
2018/05/16 13:57:18.924 [I] [main.go:44] 进行对k临近算法的运算。
2018/05/16 13:57:29.303 [I] [main.go:44] 进行对k临近算法的运算。
2018/05/16 13:57:39.403 [I] [main.go:44] 进行对k临近算法的运算。
2018/05/16 13:57:49.718 [I] [main.go:44] 进行对k临近算法的运算。
2018/05/16 13:58:00.046 [I] [main.go:44] 进行对k临近算法的运算。
2018/05/16 13:58:10.784 [I] [main.go:44] 进行对k临近算法的运算。
2018/05/16 13:58:21.125 [I] [main.go:44] 进行对k临近算法的运算。
2018/05/16 13:58:31.512 [I] [main.go:44] 进行对k临近算法的运算。
2018/05/16 13:58:41.815 [I] [main.go:44] 进行对k临近算法的运算。
2018/05/16 13:58:52.122 [I] [main.go:44] 进行对k临近算法的运算。
2018/05/16 13:59:02.420 [I] [main.go:44] 进行对k临近算法的运算。
2018/05/16 13:59:12.753 [I] [main.go:44] 进行对k临近算法的运算。
2018/05/16 13:59:23.088 [I] [main.go:44] 进行对k临近算法的运算。
2018/05/16 13:59:33.360 [I] [main.go:44] 进行对k临近算法的运算。
2018/05/16 13:59:43.784 [I] [main.go:44] 进行对k临近算法的运算。
2018/05/16 13:59:54.061 [I] [main.go:44] 进行对k临近算法的运算。
2018/05/16 14:00:04.532 [I] [main.go:44] 进行对k临近算法的运算。
2018/05/16 14:00:14.939 [I] [main.go:44] 进行对k临近算法的运算。
2018/05/16 14:00:25.336 [I] [main.go:44] 进行对k临近算法的运算。
2018/05/16 14:00:35.603 [I] [main.go:44] 进行对k临近算法的运算。
2018/05/16 14:00:45.847 [I] [main.go:44] 进行对k临近算法的运算。
2018/05/16 14:00:56.185 [I] [main.go:44] 进行对k临近算法的运算。
2018/05/16 14:01:06.451 [I] [main.go:44] 进行对k临近算法的运算。
2018/05/16 14:01:16.656 [I] [main.go:44] 进行对k临近算法的运算。
2018/05/16 14:03:35.008 [I] [proc.go:195] 这是一个辅助工具。作者 邓云飞。
2018/05/16 14:03:35.008 [I] [proc.go:195] 开始运行。
2018/05/16 14:03:37.008 [I] [main.go:44] 进行对k临近算法的运算。
2018/05/16 14:03:47.221 [I] [main.go:44] 进行对k临近算法的运算。
2018/05/16 14:04:30.348 [I] [proc.go:195] 这是一个辅助工具。作者 邓云飞。
2018/05/16 14:04:30.348 [I] [proc.go:195] 开始运行。
2018/05/16 14:04:32.348 [I] [main.go:44] 进行对k临近算法的运算。
2018/05/16 14:04:42.458 [I] [main.go:44] 进行对k临近算法的运算。
2018/05/16 14:04:52.637 [I] [main.go:44] 进行对k临近算法的运算。
2018/05/16 14:05:02.918 [I] [main.go:44] 进行对k临近算法的运算。
2018/05/16 14:05:13.087 [I] [main.go:44] 进行对k临近算法的运算。
2018/05/16 14:05:23.260 [I] [main.go:44] 进行对k临近算法的运算。
2018/05/16 14:05:33.574 [I] [main.go:44] 进行对k临近算法的运算。
2018/05/16 14:05:43.936 [I] [main.go:44] 进行对k临近算法的运算。
2018/05/16 14:05:54.084 [I] [main.go:44] 进行对k临近算法的运算。
2018/05/16 14:06:04.546 [I] [main.go:44] 进行对k临近算法的运算。
2018/05/16 14:06:14.931 [I] [main.go:44] 进行对k临近算法的运算。
2018/05/16 14:06:25.217 [I] [main.go:44] 进行对k临近算法的运算。
2018/05/16 14:06:35.640 [I] [main.go:44] 进行对k临近算法的运算。
2018/05/16 14:06:45.997 [I] [main.go:44] 进行对k临近算法的运算。
2018/05/16 14:06:56.240 [I] [main.go:44] 进行对k临近算法的运算。
2018/05/16 14:07:06.527 [I] [main.go:44] 进行对k临近算法的运算。
2018/05/16 14:07:16.794 [I] [main.go:44] 进行对k临近算法的运算。
2018/05/16 14:07:26.998 [I] [main.go:44] 进行对k临近算法的运算。
2018/05/16 14:07:37.245 [I] [main.go:44] 进行对k临近算法的运算。
2018/05/16 14:07:47.644 [I] [main.go:44] 进行对k临近算法的运算。
2018/05/16 14:07:57.935 [I] [main.go:44] 进行对k临近算法的运算。
2018/05/16 14:08:08.301 [I] [main.go:44] 进行对k临近算法的运算。
2018/05/16 14:08:19.019 [I] [main.go:44] 进行对k临近算法的运算。
2018/05/16 14:08:29.179 [I] [main.go:44] 进行对k临近算法的运算。
2018/05/16 14:08:39.467 [I] [main.go:44] 进行对k临近算法的运算。
2018/05/16 14:08:49.805 [I] [main.go:44] 进行对k临近算法的运算。
2018/05/16 14:09:00.116 [I] [main.go:44] 进行对k临近算法的运算。
2018/05/16 14:09:10.420 [I] [main.go:44] 进行对k临近算法的运算。
2018/05/16 14:09:20.785 [I] [main.go:44] 进行对k临近算法的运算。
2018/05/16 14:09:31.082 [I] [main.go:44] 进行对k临近算法的运算。
2018/05/16 14:09:41.541 [I] [main.go:44] 进行对k临近算法的运算。
2018/05/16 14:09:51.790 [I] [main.go:44] 进行对k临近算法的运算。
2018/05/16 14:10:02.119 [I] [main.go:44] 进行对k临近算法的运算。
2018/05/16 14:10:12.550 [I] [main.go:44] 进行对k临近算法的运算。
2018/05/16 14:10:22.932 [I] [main.go:44] 进行对k临近算法的运算。
2018/05/16 14:10:33.227 [I] [main.go:44] 进行对k临近算法的运算。
2018/05/16 14:10:43.471 [I] [main.go:44] 进行对k临近算法的运算。
2018/05/16 14:10:53.835 [I] [main.go:44] 进行对k临近算法的运算。
2018/05/16 14:11:04.185 [I] [main.go:44] 进行对k临近算法的运算。
2018/05/16 14:11:14.433 [I] [main.go:44] 进行对k临近算法的运算。
2018/05/16 14:11:24.910 [I] [main.go:44] 进行对k临近算法的运算。
2018/05/16 14:11:35.218 [I] [main.go:44] 进行对k临近算法的运算。
2018/05/16 14:11:45.482 [I] [main.go:44] 进行对k临近算法的运算。
2018/05/16 14:11:55.751 [I] [main.go:44] 进行对k临近算法的运算。
2018/05/16 14:12:06.131 [I] [main.go:44] 进行对k临近算法的运算。
2018/05/16 14:12:16.486 [I] [main.go:44] 进行对k临近算法的运算。
2018/05/16 14:12:26.844 [I] [main.go:44] 进行对k临近算法的运算。
2018/05/16 14:12:37.058 [I] [main.go:44] 进行对k临近算法的运算。
2018/05/16 14:12:47.281 [I] [main.go:44] 进行对k临近算法的运算。
2018/05/16 14:12:57.640 [I] [main.go:44] 进行对k临近算法的运算。
2018/05/16 14:13:08.026 [I] [main.go:44] 进行对k临近算法的运算。
2018/05/16 14:13:18.662 [I] [main.go:44] 进行对k临近算法的运算。
2018/05/16 14:13:29.102 [I] [main.go:44] 进行对k临近算法的运算。
2018/05/16 14:13:39.418 [I] [main.go:44] 进行对k临近算法的运算。
2018/05/16 14:13:49.674 [I] [main.go:44] 进行对k临近算法的运算。
2018/05/16 14:13:59.996 [I] [main.go:44] 进行对k临近算法的运算。
2018/05/16 14:14:10.456 [I] [main.go:44] 进行对k临近算法的运算。
2018/05/16 14:14:20.831 [I] [main.go:44] 进行对k临近算法的运算。
2018/05/16 14:14:31.068 [I] [main.go:44] 进行对k临近算法的运算。
2018/05/16 14:14:41.444 [I] [main.go:44] 进行对k临近算法的运算。
2018/05/16 14:14:51.728 [I] [main.go:44] 进行对k临近算法的运算。
2018/05/16 14:15:02.017 [I] [main.go:44] 进行对k临近算法的运算。
2018/05/16 14:15:12.382 [I] [main.go:44] 进行对k临近算法的运算。
2018/05/16 14:15:22.873 [I] [main.go:44] 进行对k临近算法的运算。
2018/05/16 14:15:33.338 [I] [main.go:44] 进行对k临近算法的运算。
2018/05/16 14:15:43.600 [I] [main.go:44] 进行对k临近算法的运算。
2018/05/16 14:15:54.026 [I] [main.go:44] 进行对k临近算法的运算。
2018/05/16 14:16:04.369 [I] [main.go:44] 进行对k临近算法的运算。
2018/05/16 14:16:14.718 [I] [main.go:44] 进行对k临近算法的运算。
2018/05/16 14:16:25.055 [I] [main.go:44] 进行对k临近算法的运算。
2018/05/16 14:16:35.442 [I] [main.go:44] 进行对k临近算法的运算。
2018/05/16 14:16:45.681 [I] [main.go:44] 进行对k临近算法的运算。
2018/05/16 14:16:55.943 [I] [main.go:44] 进行对k临近算法的运算。
2018/05/16 14:17:06.209 [I] [main.go:44] 进行对k临近算法的运算。
2018/05/16 14:17:16.771 [I] [main.go:44] 进行对k临近算法的运算。
2018/05/16 14:17:27.100 [I] [main.go:44] 进行对k临近算法的运算。
2018/05/16 14:17:37.448 [I] [main.go:44] 进行对k临近算法的运算。
2018/05/16 14:17:47.699 [I] [main.go:44] 进行对k临近算法的运算。
2018/05/16 14:17:58.104 [I] [main.go:44] 进行对k临近算法的运算。
2018/05/16 14:18:08.528 [I] [main.go:44] 进行对k临近算法的运算。
2018/05/16 14:18:19.020 [I] [main.go:44] 进行对k临近算法的运算。
2018/05/16 14:18:29.620 [I] [main.go:44] 进行对k临近算法的运算。
2018/05/16 14:18:40.077 [I] [main.go:44] 进行对k临近算法的运算。
2018/05/16 14:18:50.323 [I] [main.go:44] 进行对k临近算法的运算。
2018/05/16 14:19:00.517 [I] [main.go:44] 进行对k临近算法的运算。
2018/05/16 14:19:10.752 [I] [main.go:44] 进行对k临近算法的运算。
2018/05/16 14:19:21.105 [I] [main.go:44] 进行对k临近算法的运算。
2018/05/16 14:19:31.306 [I] [main.go:44] 进行对k临近算法的运算。
2018/05/16 14:19:41.475 [I] [main.go:44] 进行对k临近算法的运算。
2018/05/16 14:19:51.672 [I] [main.go:44] 进行对k临近算法的运算。
2018/05/16 14:20:01.859 [I] [main.go:44] 进行对k临近算法的运算。
2018/05/16 14:20:12.347 [I] [main.go:44] 进行对k临近算法的运算。
2018/05/16 14:20:22.734 [I] [main.go:44] 进行对k临近算法的运算。
2018/05/16 14:20:33.004 [I] [main.go:44] 进行对k临近算法的运算。
2018/05/16 14:20:43.373 [I] [main.go:44] 进行对k临近算法的运算。
2018/05/16 14:20:53.697 [I] [main.go:44] 进行对k临近算法的运算。
2018/05/16 14:21:04.062 [I] [main.go:44] 进行对k临近算法的运算。
2018/05/16 14:21:14.460 [I] [main.go:44] 进行对k临近算法的运算。
2018/05/16 14:21:24.834 [I] [main.go:44] 进行对k临近算法的运算。
2018/05/16 14:21:35.299 [I] [main.go:44] 进行对k临近算法的运算。
2018/05/16 14:21:45.508 [I] [main.go:44] 进行对k临近算法的运算。
2018/05/16 14:21:55.788 [I] [main.go:44] 进行对k临近算法的运算。
2018/05/16 14:22:06.012 [I] [main.go:44] 进行对k临近算法的运算。
2018/05/16 14:22:16.435 [I] [main.go:44] 进行对k临近算法的运算。
2018/05/16 14:22:26.701 [I] [main.go:44] 进行对k临近算法的运算。
2018/05/16 14:22:37.002 [I] [main.go:44] 进行对k临近算法的运算。
2018/05/16 14:22:47.493 [I] [main.go:44] 进行对k临近算法的运算。
2018/05/16 14:22:57.857 [I] [main.go:44] 进行对k临近算法的运算。
2018/05/16 14:23:08.159 [I] [main.go:44] 进行对k临近算法的运算。
2018/05/16 14:23:18.504 [I] [main.go:44] 进行对k临近算法的运算。
2018/05/16 14:23:29.232 [I] [main.go:44] 进行对k临近算法的运算。
2018/05/16 14:23:39.468 [I] [main.go:44] 进行对k临近算法的运算。
2018/05/16 14:23:49.816 [I] [main.go:44] 进行对k临近算法的运算。
2018/05/16 14:24:00.100 [I] [main.go:44] 进行对k临近算法的运算。
2018/05/16 14:24:10.434 [I] [main.go:44] 进行对k临近算法的运算。
2018/05/16 14:24:20.863 [I] [main.go:44] 进行对k临近算法的运算。
2018/05/16 14:24:31.267 [I] [main.go:44] 进行对k临近算法的运算。
2018/05/16 14:24:41.678 [I] [main.go:44] 进行对k临近算法的运算。
2018/05/16 14:24:52.145 [I] [main.go:44] 进行对k临近算法的运算。
2018/05/16 14:25:02.451 [I] [main.go:44] 进行对k临近算法的运算。
2018/05/16 14:25:12.865 [I] [main.go:44] 进行对k临近算法的运算。
2018/05/16 14:25:23.069 [I] [main.go:44] 进行对k临近算法的运算。
2018/05/16 14:25:33.363 [I] [main.go:44] 进行对k临近算法的运算。
2018/05/16 14:25:43.623 [I] [main.go:44] 进行对k临近算法的运算。
2018/05/16 14:25:53.901 [I] [main.go:44] 进行对k临近算法的运算。
2018/05/16 14:26:04.422 [I] [main.go:44] 进行对k临近算法的运算。
2018/05/16 14:26:14.859 [I] [main.go:44] 进行对k临近算法的运算。
2018/05/16 14:26:25.154 [I] [main.go:44] 进行对k临近算法的运算。
2018/05/16 14:26:35.407 [I] [main.go:44] 进行对k临近算法的运算。
2018/05/16 14:26:45.678 [I] [main.go:44] 进行对k临近算法的运算。
2018/05/16 14:26:55.926 [I] [main.go:44] 进行对k临近算法的运算。
2018/05/16 14:27:06.293 [I] [main.go:44] 进行对k临近算法的运算。
2018/05/16 14:27:16.713 [I] [main.go:44] 进行对k临近算法的运算。
2018/05/16 14:27:27.040 [I] [main.go:44] 进行对k临近算法的运算。
2018/05/16 14:27:37.469 [I] [main.go:44] 进行对k临近算法的运算。
2018/05/16 14:27:47.742 [I] [main.go:44] 进行对k临近算法的运算。
2018/05/16 14:27:58.059 [I] [main.go:44] 进行对k临近算法的运算。
2018/05/16 14:28:08.437 [I] [main.go:44] 进行对k临近算法的运算。
2018/05/16 14:28:18.887 [I] [main.go:44] 进行对k临近算法的运算。
2018/05/16 14:28:29.448 [I] [main.go:44] 进行对k临近算法的运算。
2018/05/16 14:28:39.939 [I] [main.go:44] 进行对k临近算法的运算。
2018/05/16 14:28:50.304 [I] [main.go:44] 进行对k临近算法的运算。
2018/05/16 14:29:00.511 [I] [main.go:44] 进行对k临近算法的运算。
2018/05/16 14:29:10.955 [I] [main.go:44] 进行对k临近算法的运算。
2018/05/16 14:29:21.340 [I] [main.go:44] 进行对k临近算法的运算。
2018/05/16 14:29:31.717 [I] [main.go:44] 进行对k临近算法的运算。
2018/05/16 14:29:42.045 [I] [main.go:44] 进行对k临近算法的运算。
2018/05/16 14:29:52.321 [I] [main.go:44] 进行对k临近算法的运算。
2018/05/16 14:30:02.639 [I] [main.go:44] 进行对k临近算法的运算。
2018/05/16 14:30:13.147 [I] [main.go:44] 进行对k临近算法的运算。
2018/05/16 14:30:23.440 [I] [main.go:44] 进行对k临近算法的运算。
2018/05/16 14:30:33.681 [I] [main.go:44] 进行对k临近算法的运算。
2018/05/16 14:30:43.940 [I] [main.go:44] 进行对k临近算法的运算。
2018/05/16 14:30:54.332 [I] [main.go:44] 进行对k临近算法的运算。
2018/05/16 14:31:04.582 [I] [main.go:44] 进行对k临近算法的运算。
2018/05/16 14:31:14.816 [I] [main.go:44] 进行对k临近算法的运算。
2018/05/16 14:31:24.967 [I] [main.go:44] 进行对k临近算法的运算。
2018/05/16 14:31:35.239 [I] [main.go:44] 进行对k临近算法的运算。
2018/05/16 14:31:45.371 [I] [main.go:44] 进行对k临近算法的运算。
2018/05/16 14:31:55.672 [I] [main.go:44] 进行对k临近算法的运算。
2018/05/16 14:32:05.939 [I] [main.go:44] 进行对k临近算法的运算。
2018/05/16 14:32:16.244 [I] [main.go:44] 进行对k临近算法的运算。
2018/05/16 14:32:26.490 [I] [main.go:44] 进行对k临近算法的运算。
2018/05/16 14:32:36.701 [I] [main.go:44] 进行对k临近算法的运算。
2018/05/16 14:32:46.993 [I] [main.go:44] 进行对k临近算法的运算。
2018/05/16 14:32:57.398 [I] [main.go:44] 进行对k临近算法的运算。
2018/05/16 14:33:07.724 [I] [main.go:44] 进行对k临近算法的运算。
2018/05/16 14:33:18.172 [I] [main.go:44] 进行对k临近算法的运算。
2018/05/16 14:33:28.412 [I] [main.go:44] 进行对k临近算法的运算。
2018/05/16 14:33:39.169 [I] [main.go:44] 进行对k临近算法的运算。
2018/05/16 14:33:49.410 [I] [main.go:44] 进行对k临近算法的运算。
2018/05/16 14:33:59.623 [I] [main.go:44] 进行对k临近算法的运算。
2018/05/16 14:34:09.893 [I] [main.go:44] 进行对k临近算法的运算。
2018/05/16 14:34:20.361 [I] [main.go:44] 进行对k临近算法的运算。
2018/05/16 14:34:30.678 [I] [main.go:44] 进行对k临近算法的运算。
2018/05/16 14:34:41.053 [I] [main.go:44] 进行对k临近算法的运算。
2018/05/16 14:34:51.406 [I] [main.go:44] 进行对k临近算法的运算。
2018/05/16 14:35:01.682 [I] [main.go:44] 进行对k临近算法的运算。
2018/05/16 14:35:12.088 [I] [main.go:44] 进行对k临近算法的运算。
2018/05/16 14:35:22.480 [I] [main.go:44] 进行对k临近算法的运算。
2018/05/16 14:35:32.742 [I] [main.go:44] 进行对k临近算法的运算。
2018/05/16 14:35:43.008 [I] [main.go:44] 进行对k临近算法的运算。
2018/05/16 14:35:53.409 [I] [main.go:44] 进行对k临近算法的运算。
2018/05/16 14:36:03.833 [I] [main.go:44] 进行对k临近算法的运算。
2018/05/16 14:36:14.163 [I] [main.go:44] 进行对k临近算法的运算。
2018/05/16 14:36:24.451 [I] [main.go:44] 进行对k临近算法的运算。
2018/05/16 14:36:34.692 [I] [main.go:44] 进行对k临近算法的运算。
2018/05/16 14:36:45.108 [I] [main.go:44] 进行对k临近算法的运算。
2018/05/16 14:36:55.465 [I] [main.go:44] 进行对k临近算法的运算。
2018/05/16 14:37:05.824 [I] [main.go:44] 进行对k临近算法的运算。
2018/05/16 14:37:16.197 [I] [main.go:44] 进行对k临近算法的运算。
2018/05/16 14:37:26.542 [I] [main.go:44] 进行对k临近算法的运算。
2018/05/16 14:37:36.880 [I] [main.go:44] 进行对k临近算法的运算。
2018/05/16 14:37:47.114 [I] [main.go:44] 进行对k临近算法的运算。
2018/05/16 14:37:57.378 [I] [main.go:44] 进行对k临近算法的运算。
2018/05/16 14:38:07.776 [I] [main.go:44] 进行对k临近算法的运算。
2018/05/16 14:38:18.098 [I] [main.go:44] 进行对k临近算法的运算。
2018/05/16 14:38:28.555 [I] [main.go:44] 进行对k临近算法的运算。
2018/05/16 14:38:39.288 [I] [main.go:44] 进行对k临近算法的运算。
2018/05/16 14:38:49.609 [I] [main.go:44] 进行对k临近算法的运算。
2018/05/16 14:38:59.890 [I] [main.go:44] 进行对k临近算法的运算。
2018/05/16 14:39:10.287 [I] [main.go:44] 进行对k临近算法的运算。
2018/05/16 14:39:20.720 [I] [main.go:44] 进行对k临近算法的运算。
2018/05/16 14:39:31.157 [I] [main.go:44] 进行对k临近算法的运算。
2018/05/16 14:39:41.489 [I] [main.go:44] 进行对k临近算法的运算。
2018/05/16 14:39:51.755 [I] [main.go:44] 进行对k临近算法的运算。
2018/05/16 14:40:02.104 [I] [main.go:44] 进行对k临近算法的运算。
2018/05/16 14:40:12.439 [I] [main.go:44] 进行对k临近算法的运算。
2018/05/16 14:40:22.715 [I] [main.go:44] 进行对k临近算法的运算。
2018/05/16 14:40:33.089 [I] [main.go:44] 进行对k临近算法的运算。
2018/05/16 14:40:43.477 [I] [main.go:44] 进行对k临近算法的运算。
2018/05/16 14:40:53.808 [I] [main.go:44] 进行对k临近算法的运算。
2018/05/16 14:41:04.073 [I] [main.go:44] 进行对k临近算法的运算。
2018/05/16 14:41:14.392 [I] [main.go:44] 进行对k临近算法的运算。
2018/05/16 14:41:24.742 [I] [main.go:44] 进行对k临近算法的运算。
2018/05/16 14:41:35.124 [I] [main.go:44] 进行对k临近算法的运算。
2018/05/16 14:41:45.438 [I] [main.go:44] 进行对k临近算法的运算。
2018/05/16 14:41:55.727 [I] [main.go:44] 进行对k临近算法的运算。
2018/05/16 14:42:06.181 [I] [main.go:44] 进行对k临近算法的运算。
2018/05/16 14:42:16.520 [I] [main.go:44] 进行对k临近算法的运算。
2018/05/16 14:42:26.830 [I] [main.go:44] 进行对k临近算法的运算。
2018/05/16 14:42:37.300 [I] [main.go:44] 进行对k临近算法的运算。
2018/05/16 14:42:47.608 [I] [main.go:44] 进行对k临近算法的运算。
2018/05/16 14:42:57.879 [I] [main.go:44] 进行对k临近算法的运算。
2018/05/16 14:43:08.145 [I] [main.go:44] 进行对k临近算法的运算。
2018/05/16 14:43:18.526 [I] [main.go:44] 进行对k临近算法的运算。
2018/05/16 14:43:28.831 [I] [main.go:44] 进行对k临近算法的运算。
2018/05/16 14:43:39.425 [I] [main.go:44] 进行对k临近算法的运算。
2018/05/16 14:43:50.042 [I] [main.go:44] 进行对k临近算法的运算。
2018/05/16 14:44:00.411 [I] [main.go:44] 进行对k临近算法的运算。
2018/05/16 14:44:10.814 [I] [main.go:44] 进行对k临近算法的运算。
2018/05/16 14:44:21.147 [I] [main.go:44] 进行对k临近算法的运算。
2018/05/16 14:44:31.400 [I] [main.go:44] 进行对k临近算法的运算。
2018/05/16 14:44:41.830 [I] [main.go:44] 进行对k临近算法的运算。
2018/05/16 14:44:52.191 [I] [main.go:44] 进行对k临近算法的运算。
2018/05/16 14:45:02.534 [I] [main.go:44] 进行对k临近算法的运算。
2018/05/16 14:45:13.206 [I] [main.go:44] 进行对k临近算法的运算。
2018/05/16 14:45:23.458 [I] [main.go:44] 进行对k临近算法的运算。
2018/05/16 14:45:33.806 [I] [main.go:44] 进行对k临近算法的运算。
2018/05/16 14:45:44.207 [I] [main.go:44] 进行对k临近算法的运算。
2018/05/16 14:45:54.622 [I] [main.go:44] 进行对k临近算法的运算。
2018/05/16 14:46:04.881 [I] [main.go:44] 进行对k临近算法的运算。
2018/05/16 14:46:15.231 [I] [main.go:44] 进行对k临近算法的运算。
2018/05/16 14:46:25.526 [I] [main.go:44] 进行对k临近算法的运算。
2018/05/16 14:46:35.838 [I] [main.go:44] 进行对k临近算法的运算。
2018/05/16 14:46:46.086 [I] [main.go:44] 进行对k临近算法的运算。
2018/05/16 14:46:56.417 [I] [main.go:44] 进行对k临近算法的运算。
2018/05/16 14:47:06.823 [I] [main.go:44] 进行对k临近算法的运算。
2018/05/16 14:47:17.162 [I] [main.go:44] 进行对k临近算法的运算。
2018/05/16 14:47:27.431 [I] [main.go:44] 进行对k临近算法的运算。
2018/05/16 14:47:37.577 [I] [main.go:44] 进行对k临近算法的运算。
2018/05/16 14:47:47.994 [I] [main.go:44] 进行对k临近算法的运算。
2018/05/16 14:47:58.373 [I] [main.go:44] 进行对k临近算法的运算。
2018/05/16 14:48:08.720 [I] [main.go:44] 进行对k临近算法的运算。
2018/05/16 14:48:19.103 [I] [main.go:44] 进行对k临近算法的运算。
2018/05/16 14:48:29.393 [I] [main.go:44] 进行对k临近算法的运算。
2018/05/16 14:48:39.887 [I] [main.go:44] 进行对k临近算法的运算。
2018/05/16 14:48:50.539 [I] [main.go:44] 进行对k临近算法的运算。
2018/05/16 14:49:00.950 [I] [main.go:44] 进行对k临近算法的运算。
2018/05/16 14:49:11.442 [I] [main.go:44] 进行对k临近算法的运算。
2018/05/16 14:49:21.929 [I] [main.go:44] 进行对k临近算法的运算。
2018/05/16 14:49:32.233 [I] [main.go:44] 进行对k临近算法的运算。
2018/05/16 14:49:42.617 [I] [main.go:44] 进行对k临近算法的运算。
2018/05/16 14:49:53.090 [I] [main.go:44] 进行对k临近算法的运算。
2018/05/16 14:50:03.488 [I] [main.go:44] 进行对k临近算法的运算。
2018/05/16 14:50:13.767 [I] [main.go:44] 进行对k临近算法的运算。
2018/05/16 14:50:24.166 [I] [main.go:44] 进行对k临近算法的运算。
2018/05/16 14:50:34.491 [I] [main.go:44] 进行对k临近算法的运算。
2018/05/16 14:50:44.869 [I] [main.go:44] 进行对k临近算法的运算。
2018/05/16 14:50:55.296 [I] [main.go:44] 进行对k临近算法的运算。
2018/05/16 14:51:05.645 [I] [main.go:44] 进行对k临近算法的运算。
2018/05/16 14:51:16.066 [I] [main.go:44] 进行对k临近算法的运算。
2018/05/16 14:51:26.430 [I] [main.go:44] 进行对k临近算法的运算。
2018/05/16 14:51:36.805 [I] [main.go:44] 进行对k临近算法的运算。
2018/05/16 14:51:47.071 [I] [main.go:44] 进行对k临近算法的运算。
2018/05/16 14:51:57.312 [I] [main.go:44] 进行对k临近算法的运算。
2018/05/16 14:52:07.795 [I] [main.go:44] 进行对k临近算法的运算。
2018/05/16 14:52:18.098 [I] [main.go:44] 进行对k临近算法的运算。
2018/05/16 14:52:28.345 [I] [main.go:44] 进行对k临近算法的运算。
2018/05/16 14:52:38.598 [I] [main.go:44] 进行对k临近算法的运算。
2018/05/16 14:52:48.879 [I] [main.go:44] 进行对k临近算法的运算。
2018/05/16 14:52:59.148 [I] [main.go:44] 进行对k临近算法的运算。
2018/05/16 14:53:09.443 [I] [main.go:44] 进行对k临近算法的运算。
2018/05/16 14:53:19.677 [I] [main.go:44] 进行对k临近算法的运算。
2018/05/16 14:53:29.883 [I] [main.go:44] 进行对k临近算法的运算。
2018/05/16 14:53:40.125 [I] [main.go:44] 进行对k临近算法的运算。
2018/05/16 14:53:50.748 [I] [main.go:44] 进行对k临近算法的运算。
2018/05/16 14:54:00.949 [I] [main.go:44] 进行对k临近算法的运算。
2018/05/16 14:54:11.363 [I] [main.go:44] 进行对k临近算法的运算。
2018/05/16 14:54:21.636 [I] [main.go:44] 进行对k临近算法的运算。
2018/05/16 14:54:31.830 [I] [main.go:44] 进行对k临近算法的运算。
2018/05/16 14:54:42.120 [I] [main.go:44] 进行对k临近算法的运算。
2018/05/16 14:54:52.461 [I] [main.go:44] 进行对k临近算法的运算。
2018/05/16 14:55:02.666 [I] [main.go:44] 进行对k临近算法的运算。
2018/05/16 14:55:13.006 [I] [main.go:44] 进行对k临近算法的运算。
2018/05/16 14:55:23.320 [I] [main.go:44] 进行对k临近算法的运算。
2018/05/16 14:55:33.636 [I] [main.go:44] 进行对k临近算法的运算。
2018/05/16 14:55:43.910 [I] [main.go:44] 进行对k临近算法的运算。
2018/05/16 14:55:54.169 [I] [main.go:44] 进行对k临近算法的运算。
2018/05/16 14:56:04.595 [I] [main.go:44] 进行对k临近算法的运算。
2018/05/16 14:56:14.939 [I] [main.go:44] 进行对k临近算法的运算。
2018/05/16 14:56:25.201 [I] [main.go:44] 进行对k临近算法的运算。
2018/05/16 14:56:35.574 [I] [main.go:44] 进行对k临近算法的运算。
2018/05/16 14:56:45.763 [I] [main.go:44] 进行对k临近算法的运算。
2018/05/16 14:56:56.082 [I] [main.go:44] 进行对k临近算法的运算。
2018/05/16 14:57:06.335 [I] [main.go:44] 进行对k临近算法的运算。
2018/05/16 14:57:16.685 [I] [main.go:44] 进行对k临近算法的运算。
2018/05/16 14:57:26.994 [I] [main.go:44] 进行对k临近算法的运算。
2018/05/16 14:57:37.321 [I] [main.go:44] 进行对k临近算法的运算。
2018/05/16 14:57:47.746 [I] [main.go:44] 进行对k临近算法的运算。
2018/05/16 14:57:57.961 [I] [main.go:44] 进行对k临近算法的运算。
2018/05/16 14:58:08.321 [I] [main.go:44] 进行对k临近算法的运算。
2018/05/16 14:58:18.624 [I] [main.go:44] 进行对k临近算法的运算。
2018/05/16 14:58:28.925 [I] [main.go:44] 进行对k临近算法的运算。
2018/05/16 14:58:39.236 [I] [main.go:44] 进行对k临近算法的运算。
2018/05/16 14:58:49.974 [I] [main.go:44] 进行对k临近算法的运算。
2018/05/16 14:59:00.457 [I] [main.go:44] 进行对k临近算法的运算。
2018/05/16 14:59:11.057 [I] [main.go:44] 进行对k临近算法的运算。
2018/05/16 14:59:21.413 [I] [main.go:44] 进行对k临近算法的运算。
2018/05/16 14:59:31.706 [I] [main.go:44] 进行对k临近算法的运算。
2018/05/16 14:59:42.173 [I] [main.go:44] 进行对k临近算法的运算。
2018/05/16 14:59:52.487 [I] [main.go:44] 进行对k临近算法的运算。
2018/05/16 15:00:02.771 [I] [main.go:44] 进行对k临近算法的运算。
2018/05/16 15:00:13.271 [I] [main.go:44] 进行对k临近算法的运算。
2018/05/16 15:00:23.496 [I] [main.go:44] 进行对k临近算法的运算。
2018/05/16 15:00:33.784 [I] [main.go:44] 进行对k临近算法的运算。
2018/05/16 15:00:44.196 [I] [main.go:44] 进行对k临近算法的运算。
2018/05/16 15:00:54.393 [I] [main.go:44] 进行对k临近算法的运算。
2018/05/16 15:01:04.720 [I] [main.go:44] 进行对k临近算法的运算。
2018/05/16 15:01:15.136 [I] [main.go:44] 进行对k临近算法的运算。
2018/05/16 15:01:25.422 [I] [main.go:44] 进行对k临近算法的运算。
2018/05/16 15:01:35.767 [I] [main.go:44] 进行对k临近算法的运算。
2018/05/16 15:01:46.149 [I] [main.go:44] 进行对k临近算法的运算。
2018/05/16 15:01:56.406 [I] [main.go:44] 进行对k临近算法的运算。
2018/05/16 15:02:06.773 [I] [main.go:44] 进行对k临近算法的运算。
2018/05/16 15:02:17.026 [I] [main.go:44] 进行对k临近算法的运算。
2018/05/16 15:02:27.375 [I] [main.go:44] 进行对k临近算法的运算。
2018/05/16 15:02:37.716 [I] [main.go:44] 进行对k临近算法的运算。
2018/05/16 15:02:48.068 [I] [main.go:44] 进行对k临近算法的运算。
2018/05/16 15:02:58.334 [I] [main.go:44] 进行对k临近算法的运算。
2018/05/16 15:03:08.683 [I] [main.go:44] 进行对k临近算法的运算。
2018/05/16 15:03:19.003 [I] [main.go:44] 进行对k临近算法的运算。
2018/05/16 15:03:29.239 [I] [main.go:44] 进行对k临近算法的运算。
2018/05/16 15:03:39.532 [I] [main.go:44] 进行对k临近算法的运算。
2018/05/16 15:03:50.015 [I] [main.go:44] 进行对k临近算法的运算。
2018/05/16 15:04:00.612 [I] [main.go:44] 进行对k临近算法的运算。
2018/05/16 15:04:11.179 [I] [main.go:44] 进行对k临近算法的运算。
2018/05/16 15:04:21.704 [I] [main.go:44] 进行对k临近算法的运算。
2018/05/16 15:04:32.069 [I] [main.go:44] 进行对k临近算法的运算。
2018/05/16 15:04:42.386 [I] [main.go:44] 进行对k临近算法的运算。
2018/05/16 15:04:52.711 [I] [main.go:44] 进行对k临近算法的运算。
2018/05/16 15:05:03.014 [I] [main.go:44] 进行对k临近算法的运算。
2018/05/16 15:05:13.420 [I] [main.go:44] 进行对k临近算法的运算。
2018/05/16 15:05:23.789 [I] [main.go:44] 进行对k临近算法的运算。
2018/05/16 15:05:34.028 [I] [main.go:44] 进行对k临近算法的运算。
2018/05/16 15:05:44.268 [I] [main.go:44] 进行对k临近算法的运算。
2018/05/16 15:05:54.678 [I] [main.go:44] 进行对k临近算法的运算。
2018/05/16 15:06:05.200 [I] [main.go:44] 进行对k临近算法的运算。
2018/05/16 15:06:15.510 [I] [main.go:44] 进行对k临近算法的运算。
2018/05/16 15:06:25.957 [I] [main.go:44] 进行对k临近算法的运算。
2018/05/16 15:06:36.283 [I] [main.go:44] 进行对k临近算法的运算。
2018/05/16 15:06:46.544 [I] [main.go:44] 进行对k临近算法的运算。
2018/05/16 15:06:56.832 [I] [main.go:44] 进行对k临近算法的运算。
2018/05/16 15:07:07.154 [I] [main.go:44] 进行对k临近算法的运算。
2018/05/16 15:07:17.432 [I] [main.go:44] 进行对k临近算法的运算。
2018/05/16 15:07:27.578 [I] [main.go:44] 进行对k临近算法的运算。
2018/05/16 15:07:37.765 [I] [main.go:44] 进行对k临近算法的运算。
2018/05/16 15:07:47.933 [I] [main.go:44] 进行对k临近算法的运算。
2018/05/16 15:07:58.095 [I] [main.go:44] 进行对k临近算法的运算。
2018/05/16 15:08:08.337 [I] [main.go:44] 进行对k临近算法的运算。
2018/05/16 15:08:18.730 [I] [main.go:44] 进行对k临近算法的运算。
2018/05/16 15:08:29.006 [I] [main.go:44] 进行对k临近算法的运算。
2018/05/16 15:08:39.412 [I] [main.go:44] 进行对k临近算法的运算。
